This file contains any messages produced by compilers while
running configure, to aid debugging if configure makes a mistake.

It was created by CppUTest configure 3.8, which was
generated by GNU Autoconf 2.69.  Invocation command line was

  $ ./configure 

## --------- ##
## Platform. ##
## --------- ##

hostname = domantas-OptiPlex-760
uname -m = x86_64
uname -r = 5.0.0-37-generic
uname -s = Linux
uname -v = #40~18.04.1-Ubuntu SMP Thu Nov 14 12:06:39 UTC 2019

/usr/bin/uname -p = unknown
/bin/uname -X     = unknown

/bin/arch              = unknown
/usr/bin/arch -k       = unknown
/usr/convex/getsysinfo = unknown
/usr/bin/hostinfo      = unknown
/bin/machine           = unknown
/usr/bin/oslevel       = unknown
/bin/universe          = unknown

PATH: /home/domantas/.local/bin
PATH: /usr/local/sbin
PATH: /usr/local/bin
PATH: /usr/sbin
PATH: /usr/bin
PATH: /sbin
PATH: /bin
PATH: /usr/games
PATH: /usr/local/games
PATH: /snap/bin


## ----------- ##
## Core tests. ##
## ----------- ##

configure:2646: checking for a BSD-compatible install
configure:2714: result: /usr/bin/install -c
configure:2725: checking whether build environment is sane
configure:2780: result: yes
configure:2931: checking for a thread-safe mkdir -p
configure:2970: result: /bin/mkdir -p
configure:2977: checking for gawk
configure:3007: result: no
configure:2977: checking for mawk
configure:2993: found /usr/bin/mawk
configure:3004: result: mawk
configure:3015: checking whether make sets $(MAKE)
configure:3037: result: yes
configure:3066: checking whether make supports nested variables
configure:3083: result: yes
configure:3251: checking build system type
configure:3265: result: x86_64-pc-linux-gnu
configure:3285: checking host system type
configure:3298: result: x86_64-pc-linux-gnu
configure:3339: checking how to print strings
configure:3366: result: printf
configure:3399: checking for style of include used by make
configure:3427: result: GNU
configure:3498: checking for gcc
configure:3514: found /usr/bin/gcc
configure:3525: result: gcc
configure:3754: checking for C compiler version
configure:3763: gcc --version >&5
gcc (Ubuntu 7.4.0-1ubuntu1~18.04.1) 7.4.0
Copyright (C) 2017 Free Software Foundation, Inc.
This is free software; see the source for copying conditions.  There is NO
warranty; not even for MERCHANTABILITY or FITNESS FOR A PARTICULAR PURPOSE.

configure:3774: $? = 0
configure:3763: gcc -v >&5
Using built-in specs.
COLLECT_GCC=gcc
COLLECT_LTO_WRAPPER=/usr/lib/gcc/x86_64-linux-gnu/7/lto-wrapper
OFFLOAD_TARGET_NAMES=nvptx-none
OFFLOAD_TARGET_DEFAULT=1
Target: x86_64-linux-gnu
Configured with: ../src/configure -v --with-pkgversion='Ubuntu 7.4.0-1ubuntu1~18.04.1' --with-bugurl=file:///usr/share/doc/gcc-7/README.Bugs --enable-languages=c,ada,c++,go,brig,d,fortran,objc,obj-c++ --prefix=/usr --with-gcc-major-version-only --program-suffix=-7 --program-prefix=x86_64-linux-gnu- --enable-shared --enable-linker-build-id --libexecdir=/usr/lib --without-included-gettext --enable-threads=posix --libdir=/usr/lib --enable-nls --with-sysroot=/ --enable-clocale=gnu --enable-libstdcxx-debug --enable-libstdcxx-time=yes --with-default-libstdcxx-abi=new --enable-gnu-unique-object --disable-vtable-verify --enable-libmpx --enable-plugin --enable-default-pie --with-system-zlib --with-target-system-zlib --enable-objc-gc=auto --enable-multiarch --disable-werror --with-arch-32=i686 --with-abi=m64 --with-multilib-list=m32,m64,mx32 --enable-multilib --with-tune=generic --enable-offload-targets=nvptx-none --without-cuda-driver --enable-checking=release --build=x86_64-linux-gnu --host=x86_64-linux-gnu --target=x86_64-linux-gnu
Thread model: posix
gcc version 7.4.0 (Ubuntu 7.4.0-1ubuntu1~18.04.1) 
configure:3774: $? = 0
configure:3763: gcc -V >&5
gcc: error: unrecognized command line option '-V'
gcc: fatal error: no input files
compilation terminated.
configure:3774: $? = 1
configure:3763: gcc -qversion >&5
gcc: error: unrecognized command line option '-qversion'; did you mean '--version'?
gcc: fatal error: no input files
compilation terminated.
configure:3774: $? = 1
configure:3794: checking whether the C compiler works
configure:3816: gcc    conftest.c  >&5
configure:3820: $? = 0
configure:3868: result: yes
configure:3871: checking for C compiler default output file name
configure:3873: result: a.out
configure:3879: checking for suffix of executables
configure:3886: gcc -o conftest    conftest.c  >&5
configure:3890: $? = 0
configure:3912: result: 
configure:3934: checking whether we are cross compiling
configure:3942: gcc -o conftest    conftest.c  >&5
configure:3946: $? = 0
configure:3953: ./conftest
configure:3957: $? = 0
configure:3972: result: no
configure:3977: checking for suffix of object files
configure:3999: gcc -c   conftest.c >&5
configure:4003: $? = 0
configure:4024: result: o
configure:4028: checking whether we are using the GNU C compiler
configure:4047: gcc -c   conftest.c >&5
configure:4047: $? = 0
configure:4056: result: yes
configure:4065: checking whether gcc accepts -g
configure:4085: gcc -c -g  conftest.c >&5
configure:4085: $? = 0
configure:4126: result: yes
configure:4143: checking for gcc option to accept ISO C89
configure:4206: gcc  -c -g -O2  conftest.c >&5
configure:4206: $? = 0
configure:4219: result: none needed
configure:4244: checking whether gcc understands -c and -o together
configure:4266: gcc -c conftest.c -o conftest2.o
configure:4269: $? = 0
configure:4266: gcc -c conftest.c -o conftest2.o
configure:4269: $? = 0
configure:4281: result: yes
configure:4300: checking dependency style of gcc
configure:4411: result: gcc3
configure:4426: checking for a sed that does not truncate output
configure:4490: result: /bin/sed
configure:4508: checking for grep that handles long lines and -e
configure:4566: result: /bin/grep
configure:4571: checking for egrep
configure:4633: result: /bin/grep -E
configure:4638: checking for fgrep
configure:4700: result: /bin/grep -F
configure:4735: checking for ld used by gcc
configure:4802: result: /usr/bin/ld
configure:4809: checking if the linker (/usr/bin/ld) is GNU ld
configure:4824: result: yes
configure:4836: checking for BSD- or MS-compatible name lister (nm)
configure:4890: result: /usr/bin/nm -B
configure:5020: checking the name lister (/usr/bin/nm -B) interface
configure:5027: gcc -c -g -O2  conftest.c >&5
configure:5030: /usr/bin/nm -B "conftest.o"
configure:5033: output
0000000000000000 B some_variable
configure:5040: result: BSD nm
configure:5043: checking whether ln -s works
configure:5047: result: yes
configure:5055: checking the maximum length of command line arguments
configure:5186: result: 1572864
configure:5234: checking how to convert x86_64-pc-linux-gnu file names to x86_64-pc-linux-gnu format
configure:5274: result: func_convert_file_noop
configure:5281: checking how to convert x86_64-pc-linux-gnu file names to toolchain format
configure:5301: result: func_convert_file_noop
configure:5308: checking for /usr/bin/ld option to reload object files
configure:5315: result: -r
configure:5389: checking for objdump
configure:5405: found /usr/bin/objdump
configure:5416: result: objdump
configure:5448: checking how to recognize dependent libraries
configure:5648: result: pass_all
configure:5733: checking for dlltool
configure:5763: result: no
configure:5793: checking how to associate runtime and link libraries
configure:5820: result: printf %s\n
configure:5881: checking for ar
configure:5897: found /usr/bin/ar
configure:5908: result: ar
configure:5945: checking for archiver @FILE support
configure:5962: gcc -c -g -O2  conftest.c >&5
configure:5962: $? = 0
configure:5965: ar cru libconftest.a @conftest.lst >&5
ar: `u' modifier ignored since `D' is the default (see `U')
configure:5968: $? = 0
configure:5973: ar cru libconftest.a @conftest.lst >&5
ar: `u' modifier ignored since `D' is the default (see `U')
ar: conftest.o: No such file or directory
configure:5976: $? = 1
configure:5988: result: @
configure:6046: checking for strip
configure:6062: found /usr/bin/strip
configure:6073: result: strip
configure:6145: checking for ranlib
configure:6161: found /usr/bin/ranlib
configure:6172: result: ranlib
configure:6274: checking command to parse /usr/bin/nm -B output from gcc object
configure:6427: gcc -c -g -O2  conftest.c >&5
configure:6430: $? = 0
configure:6434: /usr/bin/nm -B conftest.o \| sed -n -e 's/^.*[ ]\([ABCDGIRSTW][ABCDGIRSTW]*\)[ ][ ]*\([_A-Za-z][_A-Za-z0-9]*\)$/\1 \2 \2/p' | sed '/ __gnu_lto/d' \> conftest.nm
configure:6437: $? = 0
configure:6503: gcc -o conftest -g -O2   conftest.c conftstm.o >&5
configure:6506: $? = 0
configure:6544: result: ok
configure:6591: checking for sysroot
configure:6621: result: no
configure:6628: checking for a working dd
configure:6666: result: /bin/dd
configure:6670: checking how to truncate binary pipes
configure:6685: result: /bin/dd bs=4096 count=1
configure:6821: gcc -c -g -O2  conftest.c >&5
configure:6824: $? = 0
configure:7014: checking for mt
configure:7030: found /bin/mt
configure:7041: result: mt
configure:7064: checking if mt is a manifest tool
configure:7070: mt '-?'
configure:7078: result: no
configure:7755: checking how to run the C preprocessor
configure:7786: gcc -E  conftest.c
configure:7786: $? = 0
configure:7800: gcc -E  conftest.c
conftest.c:11:10: fatal error: ac_nonexistent.h: No such file or directory
 #include <ac_nonexistent.h>
          ^~~~~~~~~~~~~~~~~~
compilation terminated.
configure:7800: $? = 1
configure: failed program was:
| /* confdefs.h */
| #define PACKAGE_NAME "CppUTest"
| #define PACKAGE_TARNAME "cpputest"
| #define PACKAGE_VERSION "3.8"
| #define PACKAGE_STRING "CppUTest 3.8"
| #define PACKAGE_BUGREPORT "https://github.com/cpputest/cpputest"
| #define PACKAGE_URL ""
| #define PACKAGE "cpputest"
| #define VERSION "3.8"
| /* end confdefs.h.  */
| #include <ac_nonexistent.h>
configure:7825: result: gcc -E
configure:7845: gcc -E  conftest.c
configure:7845: $? = 0
configure:7859: gcc -E  conftest.c
conftest.c:11:10: fatal error: ac_nonexistent.h: No such file or directory
 #include <ac_nonexistent.h>
          ^~~~~~~~~~~~~~~~~~
compilation terminated.
configure:7859: $? = 1
configure: failed program was:
| /* confdefs.h */
| #define PACKAGE_NAME "CppUTest"
| #define PACKAGE_TARNAME "cpputest"
| #define PACKAGE_VERSION "3.8"
| #define PACKAGE_STRING "CppUTest 3.8"
| #define PACKAGE_BUGREPORT "https://github.com/cpputest/cpputest"
| #define PACKAGE_URL ""
| #define PACKAGE "cpputest"
| #define VERSION "3.8"
| /* end confdefs.h.  */
| #include <ac_nonexistent.h>
configure:7888: checking for ANSI C header files
configure:7908: gcc -c -g -O2  conftest.c >&5
configure:7908: $? = 0
configure:7981: gcc -o conftest -g -O2   conftest.c  >&5
configure:7981: $? = 0
configure:7981: ./conftest
configure:7981: $? = 0
configure:7992: result: yes
configure:8005: checking for sys/types.h
configure:8005: gcc -c -g -O2  conftest.c >&5
configure:8005: $? = 0
configure:8005: result: yes
configure:8005: checking for sys/stat.h
configure:8005: gcc -c -g -O2  conftest.c >&5
configure:8005: $? = 0
configure:8005: result: yes
configure:8005: checking for stdlib.h
configure:8005: gcc -c -g -O2  conftest.c >&5
configure:8005: $? = 0
configure:8005: result: yes
configure:8005: checking for string.h
configure:8005: gcc -c -g -O2  conftest.c >&5
configure:8005: $? = 0
configure:8005: result: yes
configure:8005: checking for memory.h
configure:8005: gcc -c -g -O2  conftest.c >&5
configure:8005: $? = 0
configure:8005: result: yes
configure:8005: checking for strings.h
configure:8005: gcc -c -g -O2  conftest.c >&5
configure:8005: $? = 0
configure:8005: result: yes
configure:8005: checking for inttypes.h
configure:8005: gcc -c -g -O2  conftest.c >&5
configure:8005: $? = 0
configure:8005: result: yes
configure:8005: checking for stdint.h
configure:8005: gcc -c -g -O2  conftest.c >&5
configure:8005: $? = 0
configure:8005: result: yes
configure:8005: checking for unistd.h
configure:8005: gcc -c -g -O2  conftest.c >&5
configure:8005: $? = 0
configure:8005: result: yes
configure:8019: checking for dlfcn.h
configure:8019: gcc -c -g -O2  conftest.c >&5
configure:8019: $? = 0
configure:8019: result: yes
configure:8273: checking for objdir
configure:8288: result: .libs
configure:8552: checking if gcc supports -fno-rtti -fno-exceptions
configure:8570: gcc -c -g -O2  -fno-rtti -fno-exceptions conftest.c >&5
cc1: warning: command line option '-fno-rtti' is valid for C++/ObjC++ but not for C
configure:8574: $? = 0
configure:8587: result: no
configure:8945: checking for gcc option to produce PIC
configure:8952: result: -fPIC -DPIC
configure:8960: checking if gcc PIC flag -fPIC -DPIC works
configure:8978: gcc -c -g -O2  -fPIC -DPIC -DPIC conftest.c >&5
configure:8982: $? = 0
configure:8995: result: yes
configure:9024: checking if gcc static flag -static works
configure:9052: result: yes
configure:9067: checking if gcc supports -c -o file.o
configure:9088: gcc -c -g -O2  -o out/conftest2.o conftest.c >&5
configure:9092: $? = 0
configure:9114: result: yes
configure:9122: checking if gcc supports -c -o file.o
configure:9169: result: yes
configure:9202: checking whether the gcc linker (/usr/bin/ld -m elf_x86_64) supports shared libraries
configure:10465: result: yes
configure:10502: checking whether -lc should be explicitly linked in
configure:10510: gcc -c -g -O2  conftest.c >&5
configure:10513: $? = 0
configure:10528: gcc -shared  -fPIC -DPIC conftest.o  -v -Wl,-soname -Wl,conftest -o conftest 2\>\&1 \| /bin/grep  -lc  \>/dev/null 2\>\&1
configure:10531: $? = 0
configure:10545: result: no
configure:10705: checking dynamic linker characteristics
configure:11286: gcc -o conftest -g -O2   -Wl,-rpath -Wl,/foo conftest.c  >&5
configure:11286: $? = 0
configure:11535: result: GNU/Linux ld.so
configure:11657: checking how to hardcode library paths into programs
configure:11682: result: immediate
configure:11784: checking for shl_load
configure:11784: gcc -o conftest -g -O2   conftest.c  >&5
/tmp/ccbTglQi.o: In function `main':
/home/domantas/Documents/projects/cpputest/conftest.c:57: undefined reference to `shl_load'
collect2: error: ld returned 1 exit status
configure:11784: $? = 1
configure: failed program was:
| /* confdefs.h */
| #define PACKAGE_NAME "CppUTest"
| #define PACKAGE_TARNAME "cpputest"
| #define PACKAGE_VERSION "3.8"
| #define PACKAGE_STRING "CppUTest 3.8"
| #define PACKAGE_BUGREPORT "https://github.com/cpputest/cpputest"
| #define PACKAGE_URL ""
| #define PACKAGE "cpputest"
| #define VERSION "3.8"
| #define STDC_HEADERS 1
| #define HAVE_SYS_TYPES_H 1
| #define HAVE_SYS_STAT_H 1
| #define HAVE_STDLIB_H 1
| #define HAVE_STRING_H 1
| #define HAVE_MEMORY_H 1
| #define HAVE_STRINGS_H 1
| #define HAVE_INTTYPES_H 1
| #define HAVE_STDINT_H 1
| #define HAVE_UNISTD_H 1
| #define HAVE_DLFCN_H 1
| #define LT_OBJDIR ".libs/"
| /* end confdefs.h.  */
| /* Define shl_load to an innocuous variant, in case <limits.h> declares shl_load.
|    For example, HP-UX 11i <limits.h> declares gettimeofday.  */
| #define shl_load innocuous_shl_load
| 
| /* System header to define __stub macros and hopefully few prototypes,
|     which can conflict with char shl_load (); below.
|     Prefer <limits.h> to <assert.h> if __STDC__ is defined, since
|     <limits.h> exists even on freestanding compilers.  */
| 
| #ifdef __STDC__
| # include <limits.h>
| #else
| # include <assert.h>
| #endif
| 
| #undef shl_load
| 
| /* Override any GCC internal prototype to avoid an error.
|    Use char because int might match the return type of a GCC
|    builtin and then its argument prototype would still apply.  */
| #ifdef __cplusplus
| extern "C"
| #endif
| char shl_load ();
| /* The GNU C library defines this for functions which it implements
|     to always fail with ENOSYS.  Some functions are actually named
|     something starting with __ and the normal name is an alias.  */
| #if defined __stub_shl_load || defined __stub___shl_load
| choke me
| #endif
| 
| int
| main ()
| {
| return shl_load ();
|   ;
|   return 0;
| }
configure:11784: result: no
configure:11788: checking for shl_load in -ldld
configure:11813: gcc -o conftest -g -O2   conftest.c -ldld   >&5
/usr/bin/ld: cannot find -ldld
collect2: error: ld returned 1 exit status
configure:11813: $? = 1
configure: failed program was:
| /* confdefs.h */
| #define PACKAGE_NAME "CppUTest"
| #define PACKAGE_TARNAME "cpputest"
| #define PACKAGE_VERSION "3.8"
| #define PACKAGE_STRING "CppUTest 3.8"
| #define PACKAGE_BUGREPORT "https://github.com/cpputest/cpputest"
| #define PACKAGE_URL ""
| #define PACKAGE "cpputest"
| #define VERSION "3.8"
| #define STDC_HEADERS 1
| #define HAVE_SYS_TYPES_H 1
| #define HAVE_SYS_STAT_H 1
| #define HAVE_STDLIB_H 1
| #define HAVE_STRING_H 1
| #define HAVE_MEMORY_H 1
| #define HAVE_STRINGS_H 1
| #define HAVE_INTTYPES_H 1
| #define HAVE_STDINT_H 1
| #define HAVE_UNISTD_H 1
| #define HAVE_DLFCN_H 1
| #define LT_OBJDIR ".libs/"
| /* end confdefs.h.  */
| 
| /* Override any GCC internal prototype to avoid an error.
|    Use char because int might match the return type of a GCC
|    builtin and then its argument prototype would still apply.  */
| #ifdef __cplusplus
| extern "C"
| #endif
| char shl_load ();
| int
| main ()
| {
| return shl_load ();
|   ;
|   return 0;
| }
configure:11822: result: no
configure:11827: checking for dlopen
configure:11827: gcc -o conftest -g -O2   conftest.c  >&5
/tmp/ccn5vsBv.o: In function `main':
/home/domantas/Documents/projects/cpputest/conftest.c:57: undefined reference to `dlopen'
collect2: error: ld returned 1 exit status
configure:11827: $? = 1
configure: failed program was:
| /* confdefs.h */
| #define PACKAGE_NAME "CppUTest"
| #define PACKAGE_TARNAME "cpputest"
| #define PACKAGE_VERSION "3.8"
| #define PACKAGE_STRING "CppUTest 3.8"
| #define PACKAGE_BUGREPORT "https://github.com/cpputest/cpputest"
| #define PACKAGE_URL ""
| #define PACKAGE "cpputest"
| #define VERSION "3.8"
| #define STDC_HEADERS 1
| #define HAVE_SYS_TYPES_H 1
| #define HAVE_SYS_STAT_H 1
| #define HAVE_STDLIB_H 1
| #define HAVE_STRING_H 1
| #define HAVE_MEMORY_H 1
| #define HAVE_STRINGS_H 1
| #define HAVE_INTTYPES_H 1
| #define HAVE_STDINT_H 1
| #define HAVE_UNISTD_H 1
| #define HAVE_DLFCN_H 1
| #define LT_OBJDIR ".libs/"
| /* end confdefs.h.  */
| /* Define dlopen to an innocuous variant, in case <limits.h> declares dlopen.
|    For example, HP-UX 11i <limits.h> declares gettimeofday.  */
| #define dlopen innocuous_dlopen
| 
| /* System header to define __stub macros and hopefully few prototypes,
|     which can conflict with char dlopen (); below.
|     Prefer <limits.h> to <assert.h> if __STDC__ is defined, since
|     <limits.h> exists even on freestanding compilers.  */
| 
| #ifdef __STDC__
| # include <limits.h>
| #else
| # include <assert.h>
| #endif
| 
| #undef dlopen
| 
| /* Override any GCC internal prototype to avoid an error.
|    Use char because int might match the return type of a GCC
|    builtin and then its argument prototype would still apply.  */
| #ifdef __cplusplus
| extern "C"
| #endif
| char dlopen ();
| /* The GNU C library defines this for functions which it implements
|     to always fail with ENOSYS.  Some functions are actually named
|     something starting with __ and the normal name is an alias.  */
| #if defined __stub_dlopen || defined __stub___dlopen
| choke me
| #endif
| 
| int
| main ()
| {
| return dlopen ();
|   ;
|   return 0;
| }
configure:11827: result: no
configure:11831: checking for dlopen in -ldl
configure:11856: gcc -o conftest -g -O2   conftest.c -ldl   >&5
configure:11856: $? = 0
configure:11865: result: yes
configure:11984: checking whether a program can dlopen itself
configure:12064: gcc -o conftest -g -O2  -DHAVE_DLFCN_H  -Wl,--export-dynamic conftest.c -ldl  >&5
configure:12067: $? = 0
configure:12085: result: yes
configure:12090: checking whether a statically linked program can dlopen itself
configure:12170: gcc -o conftest -g -O2  -DHAVE_DLFCN_H  -Wl,--export-dynamic -static conftest.c -ldl  >&5
/tmp/ccBgM3TH.o: In function `main':
/home/domantas/Documents/projects/cpputest/configure:12149: warning: Using 'dlopen' in statically linked applications requires at runtime the shared libraries from the glibc version used for linking
configure:12173: $? = 0
conftest: undefined symbol: _fnord
configure:12191: result: no
configure:12230: checking whether stripping libraries is possible
configure:12235: result: yes
configure:12270: checking if libtool supports shared libraries
configure:12272: result: yes
configure:12275: checking whether to build shared libraries
configure:12300: result: yes
configure:12303: checking whether to build static libraries
configure:12307: result: yes
configure:12407: checking for gcc
configure:12434: result: gcc
configure:12663: checking for C compiler version
configure:12672: gcc --version >&5
gcc (Ubuntu 7.4.0-1ubuntu1~18.04.1) 7.4.0
Copyright (C) 2017 Free Software Foundation, Inc.
This is free software; see the source for copying conditions.  There is NO
warranty; not even for MERCHANTABILITY or FITNESS FOR A PARTICULAR PURPOSE.

configure:12683: $? = 0
configure:12672: gcc -v >&5
Using built-in specs.
COLLECT_GCC=gcc
COLLECT_LTO_WRAPPER=/usr/lib/gcc/x86_64-linux-gnu/7/lto-wrapper
OFFLOAD_TARGET_NAMES=nvptx-none
OFFLOAD_TARGET_DEFAULT=1
Target: x86_64-linux-gnu
Configured with: ../src/configure -v --with-pkgversion='Ubuntu 7.4.0-1ubuntu1~18.04.1' --with-bugurl=file:///usr/share/doc/gcc-7/README.Bugs --enable-languages=c,ada,c++,go,brig,d,fortran,objc,obj-c++ --prefix=/usr --with-gcc-major-version-only --program-suffix=-7 --program-prefix=x86_64-linux-gnu- --enable-shared --enable-linker-build-id --libexecdir=/usr/lib --without-included-gettext --enable-threads=posix --libdir=/usr/lib --enable-nls --with-sysroot=/ --enable-clocale=gnu --enable-libstdcxx-debug --enable-libstdcxx-time=yes --with-default-libstdcxx-abi=new --enable-gnu-unique-object --disable-vtable-verify --enable-libmpx --enable-plugin --enable-default-pie --with-system-zlib --with-target-system-zlib --enable-objc-gc=auto --enable-multiarch --disable-werror --with-arch-32=i686 --with-abi=m64 --with-multilib-list=m32,m64,mx32 --enable-multilib --with-tune=generic --enable-offload-targets=nvptx-none --without-cuda-driver --enable-checking=release --build=x86_64-linux-gnu --host=x86_64-linux-gnu --target=x86_64-linux-gnu
Thread model: posix
gcc version 7.4.0 (Ubuntu 7.4.0-1ubuntu1~18.04.1) 
configure:12683: $? = 0
configure:12672: gcc -V >&5
gcc: error: unrecognized command line option '-V'
gcc: fatal error: no input files
compilation terminated.
configure:12683: $? = 1
configure:12672: gcc -qversion >&5
gcc: error: unrecognized command line option '-qversion'; did you mean '--version'?
gcc: fatal error: no input files
compilation terminated.
configure:12683: $? = 1
configure:12687: checking whether we are using the GNU C compiler
configure:12715: result: yes
configure:12724: checking whether gcc accepts -g
configure:12785: result: yes
configure:12802: checking for gcc option to accept ISO C89
configure:12878: result: none needed
configure:12903: checking whether gcc understands -c and -o together
configure:12940: result: yes
configure:12959: checking dependency style of gcc
configure:13070: result: gcc3
configure:13090: checking how to run the C preprocessor
configure:13160: result: gcc -E
configure:13180: gcc -E  conftest.c
configure:13180: $? = 0
configure:13194: gcc -E  conftest.c
conftest.c:23:10: fatal error: ac_nonexistent.h: No such file or directory
 #include <ac_nonexistent.h>
          ^~~~~~~~~~~~~~~~~~
compilation terminated.
configure:13194: $? = 1
configure: failed program was:
| /* confdefs.h */
| #define PACKAGE_NAME "CppUTest"
| #define PACKAGE_TARNAME "cpputest"
| #define PACKAGE_VERSION "3.8"
| #define PACKAGE_STRING "CppUTest 3.8"
| #define PACKAGE_BUGREPORT "https://github.com/cpputest/cpputest"
| #define PACKAGE_URL ""
| #define PACKAGE "cpputest"
| #define VERSION "3.8"
| #define STDC_HEADERS 1
| #define HAVE_SYS_TYPES_H 1
| #define HAVE_SYS_STAT_H 1
| #define HAVE_STDLIB_H 1
| #define HAVE_STRING_H 1
| #define HAVE_MEMORY_H 1
| #define HAVE_STRINGS_H 1
| #define HAVE_INTTYPES_H 1
| #define HAVE_STDINT_H 1
| #define HAVE_UNISTD_H 1
| #define HAVE_DLFCN_H 1
| #define LT_OBJDIR ".libs/"
| /* end confdefs.h.  */
| #include <ac_nonexistent.h>
configure:13280: checking for g++
configure:13296: found /usr/bin/g++
configure:13307: result: g++
configure:13334: checking for C++ compiler version
configure:13343: g++ --version >&5
g++ (Ubuntu 7.4.0-1ubuntu1~18.04.1) 7.4.0
Copyright (C) 2017 Free Software Foundation, Inc.
This is free software; see the source for copying conditions.  There is NO
warranty; not even for MERCHANTABILITY or FITNESS FOR A PARTICULAR PURPOSE.

configure:13354: $? = 0
configure:13343: g++ -v >&5
Using built-in specs.
COLLECT_GCC=g++
COLLECT_LTO_WRAPPER=/usr/lib/gcc/x86_64-linux-gnu/7/lto-wrapper
OFFLOAD_TARGET_NAMES=nvptx-none
OFFLOAD_TARGET_DEFAULT=1
Target: x86_64-linux-gnu
Configured with: ../src/configure -v --with-pkgversion='Ubuntu 7.4.0-1ubuntu1~18.04.1' --with-bugurl=file:///usr/share/doc/gcc-7/README.Bugs --enable-languages=c,ada,c++,go,brig,d,fortran,objc,obj-c++ --prefix=/usr --with-gcc-major-version-only --program-suffix=-7 --program-prefix=x86_64-linux-gnu- --enable-shared --enable-linker-build-id --libexecdir=/usr/lib --without-included-gettext --enable-threads=posix --libdir=/usr/lib --enable-nls --with-sysroot=/ --enable-clocale=gnu --enable-libstdcxx-debug --enable-libstdcxx-time=yes --with-default-libstdcxx-abi=new --enable-gnu-unique-object --disable-vtable-verify --enable-libmpx --enable-plugin --enable-default-pie --with-system-zlib --with-target-system-zlib --enable-objc-gc=auto --enable-multiarch --disable-werror --with-arch-32=i686 --with-abi=m64 --with-multilib-list=m32,m64,mx32 --enable-multilib --with-tune=generic --enable-offload-targets=nvptx-none --without-cuda-driver --enable-checking=release --build=x86_64-linux-gnu --host=x86_64-linux-gnu --target=x86_64-linux-gnu
Thread model: posix
gcc version 7.4.0 (Ubuntu 7.4.0-1ubuntu1~18.04.1) 
configure:13354: $? = 0
configure:13343: g++ -V >&5
g++: error: unrecognized command line option '-V'
g++: fatal error: no input files
compilation terminated.
configure:13354: $? = 1
configure:13343: g++ -qversion >&5
g++: error: unrecognized command line option '-qversion'; did you mean '--version'?
g++: fatal error: no input files
compilation terminated.
configure:13354: $? = 1
configure:13358: checking whether we are using the GNU C++ compiler
configure:13377: g++ -c   conftest.cpp >&5
configure:13377: $? = 0
configure:13386: result: yes
configure:13395: checking whether g++ accepts -g
configure:13415: g++ -c -g  conftest.cpp >&5
configure:13415: $? = 0
configure:13456: result: yes
configure:13481: checking dependency style of g++
configure:13592: result: gcc3
configure:13625: checking how to run the C++ preprocessor
configure:13652: g++ -E  conftest.cpp
configure:13652: $? = 0
configure:13666: g++ -E  conftest.cpp
conftest.cpp:23:10: fatal error: ac_nonexistent.h: No such file or directory
 #include <ac_nonexistent.h>
          ^~~~~~~~~~~~~~~~~~
compilation terminated.
configure:13666: $? = 1
configure: failed program was:
| /* confdefs.h */
| #define PACKAGE_NAME "CppUTest"
| #define PACKAGE_TARNAME "cpputest"
| #define PACKAGE_VERSION "3.8"
| #define PACKAGE_STRING "CppUTest 3.8"
| #define PACKAGE_BUGREPORT "https://github.com/cpputest/cpputest"
| #define PACKAGE_URL ""
| #define PACKAGE "cpputest"
| #define VERSION "3.8"
| #define STDC_HEADERS 1
| #define HAVE_SYS_TYPES_H 1
| #define HAVE_SYS_STAT_H 1
| #define HAVE_STDLIB_H 1
| #define HAVE_STRING_H 1
| #define HAVE_MEMORY_H 1
| #define HAVE_STRINGS_H 1
| #define HAVE_INTTYPES_H 1
| #define HAVE_STDINT_H 1
| #define HAVE_UNISTD_H 1
| #define HAVE_DLFCN_H 1
| #define LT_OBJDIR ".libs/"
| /* end confdefs.h.  */
| #include <ac_nonexistent.h>
configure:13691: result: g++ -E
configure:13711: g++ -E  conftest.cpp
configure:13711: $? = 0
configure:13725: g++ -E  conftest.cpp
conftest.cpp:23:10: fatal error: ac_nonexistent.h: No such file or directory
 #include <ac_nonexistent.h>
          ^~~~~~~~~~~~~~~~~~
compilation terminated.
configure:13725: $? = 1
configure: failed program was:
| /* confdefs.h */
| #define PACKAGE_NAME "CppUTest"
| #define PACKAGE_TARNAME "cpputest"
| #define PACKAGE_VERSION "3.8"
| #define PACKAGE_STRING "CppUTest 3.8"
| #define PACKAGE_BUGREPORT "https://github.com/cpputest/cpputest"
| #define PACKAGE_URL ""
| #define PACKAGE "cpputest"
| #define VERSION "3.8"
| #define STDC_HEADERS 1
| #define HAVE_SYS_TYPES_H 1
| #define HAVE_SYS_STAT_H 1
| #define HAVE_STDLIB_H 1
| #define HAVE_STRING_H 1
| #define HAVE_MEMORY_H 1
| #define HAVE_STRINGS_H 1
| #define HAVE_INTTYPES_H 1
| #define HAVE_STDINT_H 1
| #define HAVE_UNISTD_H 1
| #define HAVE_DLFCN_H 1
| #define LT_OBJDIR ".libs/"
| /* end confdefs.h.  */
| #include <ac_nonexistent.h>
configure:13887: checking for ld used by g++
configure:13954: result: /usr/bin/ld -m elf_x86_64
configure:13961: checking if the linker (/usr/bin/ld -m elf_x86_64) is GNU ld
configure:13976: result: yes
configure:14031: checking whether the g++ linker (/usr/bin/ld -m elf_x86_64) supports shared libraries
configure:15104: result: yes
configure:15140: g++ -c -g -O2  conftest.cpp >&5
configure:15143: $? = 0
configure:15624: checking for g++ option to produce PIC
configure:15631: result: -fPIC -DPIC
configure:15639: checking if g++ PIC flag -fPIC -DPIC works
configure:15657: g++ -c -g -O2  -fPIC -DPIC -DPIC conftest.cpp >&5
configure:15661: $? = 0
configure:15674: result: yes
configure:15697: checking if g++ static flag -static works
configure:15725: result: yes
configure:15737: checking if g++ supports -c -o file.o
configure:15758: g++ -c -g -O2  -o out/conftest2.o conftest.cpp >&5
configure:15762: $? = 0
configure:15784: result: yes
configure:15789: checking if g++ supports -c -o file.o
configure:15836: result: yes
configure:15866: checking whether the g++ linker (/usr/bin/ld -m elf_x86_64) supports shared libraries
configure:15909: result: yes
configure:16050: checking dynamic linker characteristics
configure:16807: result: GNU/Linux ld.so
configure:16872: checking how to hardcode library paths into programs
configure:16897: result: immediate
configure:16937: checking whether ln -s works
configure:16941: result: yes
configure:16948: checking whether make sets $(MAKE)
configure:16970: result: yes
configure:16991: checking whether make supports nested variables
configure:17008: result: yes
configure:17185: checking for the pthreads library -lpthreads
configure:17218: gcc -o conftest -g -O2    conftest.c -lpthreads  >&5
conftest.c: In function 'main':
conftest.c:28:22: warning: null argument where non-null required (argument 1) [-Wnonnull]
                      pthread_attr_init(0); pthread_cleanup_push(0, 0);
                      ^~~~~~~~~~~~~~~~~
conftest.c:29:22: warning: null argument where non-null required (argument 1) [-Wnonnull]
                      pthread_create(0,0,0,0); pthread_cleanup_pop(0);
                      ^~~~~~~~~~~~~~
conftest.c:29:22: warning: null argument where non-null required (argument 3) [-Wnonnull]
/usr/bin/ld: cannot find -lpthreads
collect2: error: ld returned 1 exit status
configure:17218: $? = 1
configure: failed program was:
| /* confdefs.h */
| #define PACKAGE_NAME "CppUTest"
| #define PACKAGE_TARNAME "cpputest"
| #define PACKAGE_VERSION "3.8"
| #define PACKAGE_STRING "CppUTest 3.8"
| #define PACKAGE_BUGREPORT "https://github.com/cpputest/cpputest"
| #define PACKAGE_URL ""
| #define PACKAGE "cpputest"
| #define VERSION "3.8"
| #define STDC_HEADERS 1
| #define HAVE_SYS_TYPES_H 1
| #define HAVE_SYS_STAT_H 1
| #define HAVE_STDLIB_H 1
| #define HAVE_STRING_H 1
| #define HAVE_MEMORY_H 1
| #define HAVE_STRINGS_H 1
| #define HAVE_INTTYPES_H 1
| #define HAVE_STDINT_H 1
| #define HAVE_UNISTD_H 1
| #define HAVE_DLFCN_H 1
| #define LT_OBJDIR ".libs/"
| /* end confdefs.h.  */
| #include <pthread.h>
| int
| main ()
| {
| pthread_t th; pthread_join(th, 0);
|                      pthread_attr_init(0); pthread_cleanup_push(0, 0);
|                      pthread_create(0,0,0,0); pthread_cleanup_pop(0);
|   ;
|   return 0;
| }
configure:17227: result: no
configure:17130: checking whether pthreads work without any flags
configure:17218: gcc -o conftest -g -O2    conftest.c   >&5
conftest.c: In function 'main':
conftest.c:28:22: warning: null argument where non-null required (argument 1) [-Wnonnull]
                      pthread_attr_init(0); pthread_cleanup_push(0, 0);
                      ^~~~~~~~~~~~~~~~~
conftest.c:29:22: warning: null argument where non-null required (argument 1) [-Wnonnull]
                      pthread_create(0,0,0,0); pthread_cleanup_pop(0);
                      ^~~~~~~~~~~~~~
conftest.c:29:22: warning: null argument where non-null required (argument 3) [-Wnonnull]
/tmp/ccWnV4US.o: In function `main':
/home/domantas/Documents/projects/cpputest/conftest.c:27: undefined reference to `pthread_join'
/home/domantas/Documents/projects/cpputest/conftest.c:28: undefined reference to `__pthread_register_cancel'
/home/domantas/Documents/projects/cpputest/conftest.c:29: undefined reference to `pthread_create'
/home/domantas/Documents/projects/cpputest/conftest.c:29: undefined reference to `__pthread_unregister_cancel'
collect2: error: ld returned 1 exit status
configure:17218: $? = 1
configure: failed program was:
| /* confdefs.h */
| #define PACKAGE_NAME "CppUTest"
| #define PACKAGE_TARNAME "cpputest"
| #define PACKAGE_VERSION "3.8"
| #define PACKAGE_STRING "CppUTest 3.8"
| #define PACKAGE_BUGREPORT "https://github.com/cpputest/cpputest"
| #define PACKAGE_URL ""
| #define PACKAGE "cpputest"
| #define VERSION "3.8"
| #define STDC_HEADERS 1
| #define HAVE_SYS_TYPES_H 1
| #define HAVE_SYS_STAT_H 1
| #define HAVE_STDLIB_H 1
| #define HAVE_STRING_H 1
| #define HAVE_MEMORY_H 1
| #define HAVE_STRINGS_H 1
| #define HAVE_INTTYPES_H 1
| #define HAVE_STDINT_H 1
| #define HAVE_UNISTD_H 1
| #define HAVE_DLFCN_H 1
| #define LT_OBJDIR ".libs/"
| /* end confdefs.h.  */
| #include <pthread.h>
| int
| main ()
| {
| pthread_t th; pthread_join(th, 0);
|                      pthread_attr_init(0); pthread_cleanup_push(0, 0);
|                      pthread_create(0,0,0,0); pthread_cleanup_pop(0);
|   ;
|   return 0;
| }
configure:17227: result: no
configure:17135: checking whether pthreads work with -Kthread
configure:17218: gcc -o conftest -g -O2 -Kthread   conftest.c   >&5
gcc: error: unrecognized command line option '-Kthread'; did you mean '-pthread'?
configure:17218: $? = 1
configure: failed program was:
| /* confdefs.h */
| #define PACKAGE_NAME "CppUTest"
| #define PACKAGE_TARNAME "cpputest"
| #define PACKAGE_VERSION "3.8"
| #define PACKAGE_STRING "CppUTest 3.8"
| #define PACKAGE_BUGREPORT "https://github.com/cpputest/cpputest"
| #define PACKAGE_URL ""
| #define PACKAGE "cpputest"
| #define VERSION "3.8"
| #define STDC_HEADERS 1
| #define HAVE_SYS_TYPES_H 1
| #define HAVE_SYS_STAT_H 1
| #define HAVE_STDLIB_H 1
| #define HAVE_STRING_H 1
| #define HAVE_MEMORY_H 1
| #define HAVE_STRINGS_H 1
| #define HAVE_INTTYPES_H 1
| #define HAVE_STDINT_H 1
| #define HAVE_UNISTD_H 1
| #define HAVE_DLFCN_H 1
| #define LT_OBJDIR ".libs/"
| /* end confdefs.h.  */
| #include <pthread.h>
| int
| main ()
| {
| pthread_t th; pthread_join(th, 0);
|                      pthread_attr_init(0); pthread_cleanup_push(0, 0);
|                      pthread_create(0,0,0,0); pthread_cleanup_pop(0);
|   ;
|   return 0;
| }
configure:17227: result: no
configure:17135: checking whether pthreads work with -kthread
configure:17218: gcc -o conftest -g -O2 -kthread   conftest.c   >&5
gcc: error: unrecognized command line option '-kthread'; did you mean '-pthread'?
configure:17218: $? = 1
configure: failed program was:
| /* confdefs.h */
| #define PACKAGE_NAME "CppUTest"
| #define PACKAGE_TARNAME "cpputest"
| #define PACKAGE_VERSION "3.8"
| #define PACKAGE_STRING "CppUTest 3.8"
| #define PACKAGE_BUGREPORT "https://github.com/cpputest/cpputest"
| #define PACKAGE_URL ""
| #define PACKAGE "cpputest"
| #define VERSION "3.8"
| #define STDC_HEADERS 1
| #define HAVE_SYS_TYPES_H 1
| #define HAVE_SYS_STAT_H 1
| #define HAVE_STDLIB_H 1
| #define HAVE_STRING_H 1
| #define HAVE_MEMORY_H 1
| #define HAVE_STRINGS_H 1
| #define HAVE_INTTYPES_H 1
| #define HAVE_STDINT_H 1
| #define HAVE_UNISTD_H 1
| #define HAVE_DLFCN_H 1
| #define LT_OBJDIR ".libs/"
| /* end confdefs.h.  */
| #include <pthread.h>
| int
| main ()
| {
| pthread_t th; pthread_join(th, 0);
|                      pthread_attr_init(0); pthread_cleanup_push(0, 0);
|                      pthread_create(0,0,0,0); pthread_cleanup_pop(0);
|   ;
|   return 0;
| }
configure:17227: result: no
configure:17185: checking for the pthreads library -llthread
configure:17218: gcc -o conftest -g -O2    conftest.c -llthread  >&5
conftest.c: In function 'main':
conftest.c:28:22: warning: null argument where non-null required (argument 1) [-Wnonnull]
                      pthread_attr_init(0); pthread_cleanup_push(0, 0);
                      ^~~~~~~~~~~~~~~~~
conftest.c:29:22: warning: null argument where non-null required (argument 1) [-Wnonnull]
                      pthread_create(0,0,0,0); pthread_cleanup_pop(0);
                      ^~~~~~~~~~~~~~
conftest.c:29:22: warning: null argument where non-null required (argument 3) [-Wnonnull]
/usr/bin/ld: cannot find -llthread
collect2: error: ld returned 1 exit status
configure:17218: $? = 1
configure: failed program was:
| /* confdefs.h */
| #define PACKAGE_NAME "CppUTest"
| #define PACKAGE_TARNAME "cpputest"
| #define PACKAGE_VERSION "3.8"
| #define PACKAGE_STRING "CppUTest 3.8"
| #define PACKAGE_BUGREPORT "https://github.com/cpputest/cpputest"
| #define PACKAGE_URL ""
| #define PACKAGE "cpputest"
| #define VERSION "3.8"
| #define STDC_HEADERS 1
| #define HAVE_SYS_TYPES_H 1
| #define HAVE_SYS_STAT_H 1
| #define HAVE_STDLIB_H 1
| #define HAVE_STRING_H 1
| #define HAVE_MEMORY_H 1
| #define HAVE_STRINGS_H 1
| #define HAVE_INTTYPES_H 1
| #define HAVE_STDINT_H 1
| #define HAVE_UNISTD_H 1
| #define HAVE_DLFCN_H 1
| #define LT_OBJDIR ".libs/"
| /* end confdefs.h.  */
| #include <pthread.h>
| int
| main ()
| {
| pthread_t th; pthread_join(th, 0);
|                      pthread_attr_init(0); pthread_cleanup_push(0, 0);
|                      pthread_create(0,0,0,0); pthread_cleanup_pop(0);
|   ;
|   return 0;
| }
configure:17227: result: no
configure:17135: checking whether pthreads work with -pthread
configure:17218: gcc -o conftest -g -O2 -pthread   conftest.c   >&5
conftest.c: In function 'main':
conftest.c:28:22: warning: null argument where non-null required (argument 1) [-Wnonnull]
                      pthread_attr_init(0); pthread_cleanup_push(0, 0);
                      ^~~~~~~~~~~~~~~~~
conftest.c:29:22: warning: null argument where non-null required (argument 1) [-Wnonnull]
                      pthread_create(0,0,0,0); pthread_cleanup_pop(0);
                      ^~~~~~~~~~~~~~
conftest.c:29:22: warning: null argument where non-null required (argument 3) [-Wnonnull]
configure:17218: $? = 0
configure:17227: result: yes
configure:17246: checking for joinable pthread attribute
configure:17261: gcc -o conftest -g -O2 -pthread   conftest.c   >&5
configure:17261: $? = 0
configure:17267: result: PTHREAD_CREATE_JOINABLE
configure:17277: checking if more special flags are required for pthreads
configure:17284: result: no
configure:17371: checking if we can link -lpthread to work around a gcc bug (on MacOSX)
configure:17384: gcc -o conftest -g -O2   conftest.c -lpthread >&5
configure:17384: $? = 0
configure:17385: result: yes
configure:17398: checking stddef.h usability
configure:17398: gcc -c -g -O2  conftest.c >&5
configure:17398: $? = 0
configure:17398: result: yes
configure:17398: checking stddef.h presence
configure:17398: gcc -E  conftest.c
configure:17398: $? = 0
configure:17398: result: yes
configure:17398: checking for stddef.h
configure:17398: result: yes
configure:17398: checking for stdint.h
configure:17398: result: yes
configure:17398: checking for stdlib.h
configure:17398: result: yes
configure:17398: checking for string.h
configure:17398: result: yes
configure:17398: checking sys/time.h usability
configure:17398: gcc -c -g -O2  conftest.c >&5
configure:17398: $? = 0
configure:17398: result: yes
configure:17398: checking sys/time.h presence
configure:17398: gcc -E  conftest.c
configure:17398: $? = 0
configure:17398: result: yes
configure:17398: checking for sys/time.h
configure:17398: result: yes
configure:17398: checking for unistd.h
configure:17398: result: yes
configure:17409: checking for inline
configure:17425: gcc -c -g -O2  conftest.c >&5
configure:17425: $? = 0
configure:17433: result: inline
configure:17451: checking for int16_t
configure:17451: gcc -c -g -O2  conftest.c >&5
configure:17451: $? = 0
configure:17451: gcc -c -g -O2  conftest.c >&5
conftest.c: In function 'main':
conftest.c:66:12: error: size of array 'test_array' is negative
 static int test_array [1 - 2 * !((int16_t) (((((int16_t) 1 << N) << N) - 1) * 2 + 1)
            ^~~~~~~~~~
configure:17451: $? = 1
configure: failed program was:
| /* confdefs.h */
| #define PACKAGE_NAME "CppUTest"
| #define PACKAGE_TARNAME "cpputest"
| #define PACKAGE_VERSION "3.8"
| #define PACKAGE_STRING "CppUTest 3.8"
| #define PACKAGE_BUGREPORT "https://github.com/cpputest/cpputest"
| #define PACKAGE_URL ""
| #define PACKAGE "cpputest"
| #define VERSION "3.8"
| #define STDC_HEADERS 1
| #define HAVE_SYS_TYPES_H 1
| #define HAVE_SYS_STAT_H 1
| #define HAVE_STDLIB_H 1
| #define HAVE_STRING_H 1
| #define HAVE_MEMORY_H 1
| #define HAVE_STRINGS_H 1
| #define HAVE_INTTYPES_H 1
| #define HAVE_STDINT_H 1
| #define HAVE_UNISTD_H 1
| #define HAVE_DLFCN_H 1
| #define LT_OBJDIR ".libs/"
| #define HAVE_STDDEF_H 1
| #define HAVE_STDINT_H 1
| #define HAVE_STDLIB_H 1
| #define HAVE_STRING_H 1
| #define HAVE_SYS_TIME_H 1
| #define HAVE_UNISTD_H 1
| /* end confdefs.h.  */
| #include <stdio.h>
| #ifdef HAVE_SYS_TYPES_H
| # include <sys/types.h>
| #endif
| #ifdef HAVE_SYS_STAT_H
| # include <sys/stat.h>
| #endif
| #ifdef STDC_HEADERS
| # include <stdlib.h>
| # include <stddef.h>
| #else
| # ifdef HAVE_STDLIB_H
| #  include <stdlib.h>
| # endif
| #endif
| #ifdef HAVE_STRING_H
| # if !defined STDC_HEADERS && defined HAVE_MEMORY_H
| #  include <memory.h>
| # endif
| # include <string.h>
| #endif
| #ifdef HAVE_STRINGS_H
| # include <strings.h>
| #endif
| #ifdef HAVE_INTTYPES_H
| # include <inttypes.h>
| #endif
| #ifdef HAVE_STDINT_H
| # include <stdint.h>
| #endif
| #ifdef HAVE_UNISTD_H
| # include <unistd.h>
| #endif
| 	        enum { N = 16 / 2 - 1 };
| int
| main ()
| {
| static int test_array [1 - 2 * !((int16_t) (((((int16_t) 1 << N) << N) - 1) * 2 + 1)
| 		 < (int16_t) (((((int16_t) 1 << N) << N) - 1) * 2 + 2))];
| test_array [0] = 0;
| return test_array [0];
| 
|   ;
|   return 0;
| }
configure:17451: result: yes
configure:17462: checking for int32_t
configure:17462: gcc -c -g -O2  conftest.c >&5
configure:17462: $? = 0
configure:17462: gcc -c -g -O2  conftest.c >&5
conftest.c: In function 'main':
conftest.c:67:53: warning: integer overflow in expression [-Woverflow]
    < (int32_t) (((((int32_t) 1 << N) << N) - 1) * 2 + 2))];
                                                     ^
conftest.c:66:12: error: storage size of 'test_array' isn't constant
 static int test_array [1 - 2 * !((int32_t) (((((int32_t) 1 << N) << N) - 1) * 2 + 1)
            ^~~~~~~~~~
configure:17462: $? = 1
configure: failed program was:
| /* confdefs.h */
| #define PACKAGE_NAME "CppUTest"
| #define PACKAGE_TARNAME "cpputest"
| #define PACKAGE_VERSION "3.8"
| #define PACKAGE_STRING "CppUTest 3.8"
| #define PACKAGE_BUGREPORT "https://github.com/cpputest/cpputest"
| #define PACKAGE_URL ""
| #define PACKAGE "cpputest"
| #define VERSION "3.8"
| #define STDC_HEADERS 1
| #define HAVE_SYS_TYPES_H 1
| #define HAVE_SYS_STAT_H 1
| #define HAVE_STDLIB_H 1
| #define HAVE_STRING_H 1
| #define HAVE_MEMORY_H 1
| #define HAVE_STRINGS_H 1
| #define HAVE_INTTYPES_H 1
| #define HAVE_STDINT_H 1
| #define HAVE_UNISTD_H 1
| #define HAVE_DLFCN_H 1
| #define LT_OBJDIR ".libs/"
| #define HAVE_STDDEF_H 1
| #define HAVE_STDINT_H 1
| #define HAVE_STDLIB_H 1
| #define HAVE_STRING_H 1
| #define HAVE_SYS_TIME_H 1
| #define HAVE_UNISTD_H 1
| /* end confdefs.h.  */
| #include <stdio.h>
| #ifdef HAVE_SYS_TYPES_H
| # include <sys/types.h>
| #endif
| #ifdef HAVE_SYS_STAT_H
| # include <sys/stat.h>
| #endif
| #ifdef STDC_HEADERS
| # include <stdlib.h>
| # include <stddef.h>
| #else
| # ifdef HAVE_STDLIB_H
| #  include <stdlib.h>
| # endif
| #endif
| #ifdef HAVE_STRING_H
| # if !defined STDC_HEADERS && defined HAVE_MEMORY_H
| #  include <memory.h>
| # endif
| # include <string.h>
| #endif
| #ifdef HAVE_STRINGS_H
| # include <strings.h>
| #endif
| #ifdef HAVE_INTTYPES_H
| # include <inttypes.h>
| #endif
| #ifdef HAVE_STDINT_H
| # include <stdint.h>
| #endif
| #ifdef HAVE_UNISTD_H
| # include <unistd.h>
| #endif
| 	        enum { N = 32 / 2 - 1 };
| int
| main ()
| {
| static int test_array [1 - 2 * !((int32_t) (((((int32_t) 1 << N) << N) - 1) * 2 + 1)
| 		 < (int32_t) (((((int32_t) 1 << N) << N) - 1) * 2 + 2))];
| test_array [0] = 0;
| return test_array [0];
| 
|   ;
|   return 0;
| }
configure:17462: result: yes
configure:17473: checking for int64_t
configure:17473: gcc -c -g -O2  conftest.c >&5
configure:17473: $? = 0
configure:17473: gcc -c -g -O2  conftest.c >&5
conftest.c: In function 'main':
conftest.c:67:53: warning: integer overflow in expression [-Woverflow]
    < (int64_t) (((((int64_t) 1 << N) << N) - 1) * 2 + 2))];
                                                     ^
conftest.c:66:12: error: storage size of 'test_array' isn't constant
 static int test_array [1 - 2 * !((int64_t) (((((int64_t) 1 << N) << N) - 1) * 2 + 1)
            ^~~~~~~~~~
configure:17473: $? = 1
configure: failed program was:
| /* confdefs.h */
| #define PACKAGE_NAME "CppUTest"
| #define PACKAGE_TARNAME "cpputest"
| #define PACKAGE_VERSION "3.8"
| #define PACKAGE_STRING "CppUTest 3.8"
| #define PACKAGE_BUGREPORT "https://github.com/cpputest/cpputest"
| #define PACKAGE_URL ""
| #define PACKAGE "cpputest"
| #define VERSION "3.8"
| #define STDC_HEADERS 1
| #define HAVE_SYS_TYPES_H 1
| #define HAVE_SYS_STAT_H 1
| #define HAVE_STDLIB_H 1
| #define HAVE_STRING_H 1
| #define HAVE_MEMORY_H 1
| #define HAVE_STRINGS_H 1
| #define HAVE_INTTYPES_H 1
| #define HAVE_STDINT_H 1
| #define HAVE_UNISTD_H 1
| #define HAVE_DLFCN_H 1
| #define LT_OBJDIR ".libs/"
| #define HAVE_STDDEF_H 1
| #define HAVE_STDINT_H 1
| #define HAVE_STDLIB_H 1
| #define HAVE_STRING_H 1
| #define HAVE_SYS_TIME_H 1
| #define HAVE_UNISTD_H 1
| /* end confdefs.h.  */
| #include <stdio.h>
| #ifdef HAVE_SYS_TYPES_H
| # include <sys/types.h>
| #endif
| #ifdef HAVE_SYS_STAT_H
| # include <sys/stat.h>
| #endif
| #ifdef STDC_HEADERS
| # include <stdlib.h>
| # include <stddef.h>
| #else
| # ifdef HAVE_STDLIB_H
| #  include <stdlib.h>
| # endif
| #endif
| #ifdef HAVE_STRING_H
| # if !defined STDC_HEADERS && defined HAVE_MEMORY_H
| #  include <memory.h>
| # endif
| # include <string.h>
| #endif
| #ifdef HAVE_STRINGS_H
| # include <strings.h>
| #endif
| #ifdef HAVE_INTTYPES_H
| # include <inttypes.h>
| #endif
| #ifdef HAVE_STDINT_H
| # include <stdint.h>
| #endif
| #ifdef HAVE_UNISTD_H
| # include <unistd.h>
| #endif
| 	        enum { N = 64 / 2 - 1 };
| int
| main ()
| {
| static int test_array [1 - 2 * !((int64_t) (((((int64_t) 1 << N) << N) - 1) * 2 + 1)
| 		 < (int64_t) (((((int64_t) 1 << N) << N) - 1) * 2 + 2))];
| test_array [0] = 0;
| return test_array [0];
| 
|   ;
|   return 0;
| }
configure:17473: result: yes
configure:17484: checking for int8_t
configure:17484: gcc -c -g -O2  conftest.c >&5
configure:17484: $? = 0
configure:17484: gcc -c -g -O2  conftest.c >&5
conftest.c: In function 'main':
conftest.c:66:12: error: size of array 'test_array' is negative
 static int test_array [1 - 2 * !((int8_t) (((((int8_t) 1 << N) << N) - 1) * 2 + 1)
            ^~~~~~~~~~
configure:17484: $? = 1
configure: failed program was:
| /* confdefs.h */
| #define PACKAGE_NAME "CppUTest"
| #define PACKAGE_TARNAME "cpputest"
| #define PACKAGE_VERSION "3.8"
| #define PACKAGE_STRING "CppUTest 3.8"
| #define PACKAGE_BUGREPORT "https://github.com/cpputest/cpputest"
| #define PACKAGE_URL ""
| #define PACKAGE "cpputest"
| #define VERSION "3.8"
| #define STDC_HEADERS 1
| #define HAVE_SYS_TYPES_H 1
| #define HAVE_SYS_STAT_H 1
| #define HAVE_STDLIB_H 1
| #define HAVE_STRING_H 1
| #define HAVE_MEMORY_H 1
| #define HAVE_STRINGS_H 1
| #define HAVE_INTTYPES_H 1
| #define HAVE_STDINT_H 1
| #define HAVE_UNISTD_H 1
| #define HAVE_DLFCN_H 1
| #define LT_OBJDIR ".libs/"
| #define HAVE_STDDEF_H 1
| #define HAVE_STDINT_H 1
| #define HAVE_STDLIB_H 1
| #define HAVE_STRING_H 1
| #define HAVE_SYS_TIME_H 1
| #define HAVE_UNISTD_H 1
| /* end confdefs.h.  */
| #include <stdio.h>
| #ifdef HAVE_SYS_TYPES_H
| # include <sys/types.h>
| #endif
| #ifdef HAVE_SYS_STAT_H
| # include <sys/stat.h>
| #endif
| #ifdef STDC_HEADERS
| # include <stdlib.h>
| # include <stddef.h>
| #else
| # ifdef HAVE_STDLIB_H
| #  include <stdlib.h>
| # endif
| #endif
| #ifdef HAVE_STRING_H
| # if !defined STDC_HEADERS && defined HAVE_MEMORY_H
| #  include <memory.h>
| # endif
| # include <string.h>
| #endif
| #ifdef HAVE_STRINGS_H
| # include <strings.h>
| #endif
| #ifdef HAVE_INTTYPES_H
| # include <inttypes.h>
| #endif
| #ifdef HAVE_STDINT_H
| # include <stdint.h>
| #endif
| #ifdef HAVE_UNISTD_H
| # include <unistd.h>
| #endif
| 	        enum { N = 8 / 2 - 1 };
| int
| main ()
| {
| static int test_array [1 - 2 * !((int8_t) (((((int8_t) 1 << N) << N) - 1) * 2 + 1)
| 		 < (int8_t) (((((int8_t) 1 << N) << N) - 1) * 2 + 2))];
| test_array [0] = 0;
| return test_array [0];
| 
|   ;
|   return 0;
| }
configure:17484: result: yes
configure:17495: checking for pid_t
configure:17495: gcc -c -g -O2  conftest.c >&5
configure:17495: $? = 0
configure:17495: gcc -c -g -O2  conftest.c >&5
conftest.c: In function 'main':
conftest.c:65:20: error: expected expression before ')' token
 if (sizeof ((pid_t)))
                    ^
configure:17495: $? = 1
configure: failed program was:
| /* confdefs.h */
| #define PACKAGE_NAME "CppUTest"
| #define PACKAGE_TARNAME "cpputest"
| #define PACKAGE_VERSION "3.8"
| #define PACKAGE_STRING "CppUTest 3.8"
| #define PACKAGE_BUGREPORT "https://github.com/cpputest/cpputest"
| #define PACKAGE_URL ""
| #define PACKAGE "cpputest"
| #define VERSION "3.8"
| #define STDC_HEADERS 1
| #define HAVE_SYS_TYPES_H 1
| #define HAVE_SYS_STAT_H 1
| #define HAVE_STDLIB_H 1
| #define HAVE_STRING_H 1
| #define HAVE_MEMORY_H 1
| #define HAVE_STRINGS_H 1
| #define HAVE_INTTYPES_H 1
| #define HAVE_STDINT_H 1
| #define HAVE_UNISTD_H 1
| #define HAVE_DLFCN_H 1
| #define LT_OBJDIR ".libs/"
| #define HAVE_STDDEF_H 1
| #define HAVE_STDINT_H 1
| #define HAVE_STDLIB_H 1
| #define HAVE_STRING_H 1
| #define HAVE_SYS_TIME_H 1
| #define HAVE_UNISTD_H 1
| /* end confdefs.h.  */
| #include <stdio.h>
| #ifdef HAVE_SYS_TYPES_H
| # include <sys/types.h>
| #endif
| #ifdef HAVE_SYS_STAT_H
| # include <sys/stat.h>
| #endif
| #ifdef STDC_HEADERS
| # include <stdlib.h>
| # include <stddef.h>
| #else
| # ifdef HAVE_STDLIB_H
| #  include <stdlib.h>
| # endif
| #endif
| #ifdef HAVE_STRING_H
| # if !defined STDC_HEADERS && defined HAVE_MEMORY_H
| #  include <memory.h>
| # endif
| # include <string.h>
| #endif
| #ifdef HAVE_STRINGS_H
| # include <strings.h>
| #endif
| #ifdef HAVE_INTTYPES_H
| # include <inttypes.h>
| #endif
| #ifdef HAVE_STDINT_H
| # include <stdint.h>
| #endif
| #ifdef HAVE_UNISTD_H
| # include <unistd.h>
| #endif
| int
| main ()
| {
| if (sizeof ((pid_t)))
| 	    return 0;
|   ;
|   return 0;
| }
configure:17495: result: yes
configure:17506: checking for size_t
configure:17506: gcc -c -g -O2  conftest.c >&5
configure:17506: $? = 0
configure:17506: gcc -c -g -O2  conftest.c >&5
conftest.c: In function 'main':
conftest.c:65:21: error: expected expression before ')' token
 if (sizeof ((size_t)))
                     ^
configure:17506: $? = 1
configure: failed program was:
| /* confdefs.h */
| #define PACKAGE_NAME "CppUTest"
| #define PACKAGE_TARNAME "cpputest"
| #define PACKAGE_VERSION "3.8"
| #define PACKAGE_STRING "CppUTest 3.8"
| #define PACKAGE_BUGREPORT "https://github.com/cpputest/cpputest"
| #define PACKAGE_URL ""
| #define PACKAGE "cpputest"
| #define VERSION "3.8"
| #define STDC_HEADERS 1
| #define HAVE_SYS_TYPES_H 1
| #define HAVE_SYS_STAT_H 1
| #define HAVE_STDLIB_H 1
| #define HAVE_STRING_H 1
| #define HAVE_MEMORY_H 1
| #define HAVE_STRINGS_H 1
| #define HAVE_INTTYPES_H 1
| #define HAVE_STDINT_H 1
| #define HAVE_UNISTD_H 1
| #define HAVE_DLFCN_H 1
| #define LT_OBJDIR ".libs/"
| #define HAVE_STDDEF_H 1
| #define HAVE_STDINT_H 1
| #define HAVE_STDLIB_H 1
| #define HAVE_STRING_H 1
| #define HAVE_SYS_TIME_H 1
| #define HAVE_UNISTD_H 1
| /* end confdefs.h.  */
| #include <stdio.h>
| #ifdef HAVE_SYS_TYPES_H
| # include <sys/types.h>
| #endif
| #ifdef HAVE_SYS_STAT_H
| # include <sys/stat.h>
| #endif
| #ifdef STDC_HEADERS
| # include <stdlib.h>
| # include <stddef.h>
| #else
| # ifdef HAVE_STDLIB_H
| #  include <stdlib.h>
| # endif
| #endif
| #ifdef HAVE_STRING_H
| # if !defined STDC_HEADERS && defined HAVE_MEMORY_H
| #  include <memory.h>
| # endif
| # include <string.h>
| #endif
| #ifdef HAVE_STRINGS_H
| # include <strings.h>
| #endif
| #ifdef HAVE_INTTYPES_H
| # include <inttypes.h>
| #endif
| #ifdef HAVE_STDINT_H
| # include <stdint.h>
| #endif
| #ifdef HAVE_UNISTD_H
| # include <unistd.h>
| #endif
| int
| main ()
| {
| if (sizeof ((size_t)))
| 	    return 0;
|   ;
|   return 0;
| }
configure:17506: result: yes
configure:17517: checking for uint16_t
configure:17517: gcc -c -g -O2  conftest.c >&5
configure:17517: $? = 0
configure:17517: result: yes
configure:17529: checking for uint32_t
configure:17529: gcc -c -g -O2  conftest.c >&5
configure:17529: $? = 0
configure:17529: result: yes
configure:17543: checking for uint64_t
configure:17543: gcc -c -g -O2  conftest.c >&5
configure:17543: $? = 0
configure:17543: result: yes
configure:17557: checking for uint8_t
configure:17557: gcc -c -g -O2  conftest.c >&5
configure:17557: $? = 0
configure:17557: result: yes
configure:17572: checking for unsigned long long int
configure:17611: gcc -o conftest -g -O2   conftest.c    -lpthread >&5
configure:17611: $? = 0
configure:17620: result: yes
configure:17630: checking for long long int
configure:17668: gcc -o conftest -g -O2   conftest.c    -lpthread >&5
configure:17668: $? = 0
configure:17668: ./conftest
configure:17668: $? = 0
configure:17680: result: yes
configure:17692: checking vfork.h usability
configure:17692: gcc -c -g -O2  conftest.c >&5
conftest.c:64:10: fatal error: vfork.h: No such file or directory
 #include <vfork.h>
          ^~~~~~~~~
compilation terminated.
configure:17692: $? = 1
configure: failed program was:
| /* confdefs.h */
| #define PACKAGE_NAME "CppUTest"
| #define PACKAGE_TARNAME "cpputest"
| #define PACKAGE_VERSION "3.8"
| #define PACKAGE_STRING "CppUTest 3.8"
| #define PACKAGE_BUGREPORT "https://github.com/cpputest/cpputest"
| #define PACKAGE_URL ""
| #define PACKAGE "cpputest"
| #define VERSION "3.8"
| #define STDC_HEADERS 1
| #define HAVE_SYS_TYPES_H 1
| #define HAVE_SYS_STAT_H 1
| #define HAVE_STDLIB_H 1
| #define HAVE_STRING_H 1
| #define HAVE_MEMORY_H 1
| #define HAVE_STRINGS_H 1
| #define HAVE_INTTYPES_H 1
| #define HAVE_STDINT_H 1
| #define HAVE_UNISTD_H 1
| #define HAVE_DLFCN_H 1
| #define LT_OBJDIR ".libs/"
| #define HAVE_STDDEF_H 1
| #define HAVE_STDINT_H 1
| #define HAVE_STDLIB_H 1
| #define HAVE_STRING_H 1
| #define HAVE_SYS_TIME_H 1
| #define HAVE_UNISTD_H 1
| #define HAVE_UNSIGNED_LONG_LONG_INT 1
| #define HAVE_LONG_LONG_INT 1
| /* end confdefs.h.  */
| #include <stdio.h>
| #ifdef HAVE_SYS_TYPES_H
| # include <sys/types.h>
| #endif
| #ifdef HAVE_SYS_STAT_H
| # include <sys/stat.h>
| #endif
| #ifdef STDC_HEADERS
| # include <stdlib.h>
| # include <stddef.h>
| #else
| # ifdef HAVE_STDLIB_H
| #  include <stdlib.h>
| # endif
| #endif
| #ifdef HAVE_STRING_H
| # if !defined STDC_HEADERS && defined HAVE_MEMORY_H
| #  include <memory.h>
| # endif
| # include <string.h>
| #endif
| #ifdef HAVE_STRINGS_H
| # include <strings.h>
| #endif
| #ifdef HAVE_INTTYPES_H
| # include <inttypes.h>
| #endif
| #ifdef HAVE_STDINT_H
| # include <stdint.h>
| #endif
| #ifdef HAVE_UNISTD_H
| # include <unistd.h>
| #endif
| #include <vfork.h>
configure:17692: result: no
configure:17692: checking vfork.h presence
configure:17692: gcc -E  conftest.c
conftest.c:31:10: fatal error: vfork.h: No such file or directory
 #include <vfork.h>
          ^~~~~~~~~
compilation terminated.
configure:17692: $? = 1
configure: failed program was:
| /* confdefs.h */
| #define PACKAGE_NAME "CppUTest"
| #define PACKAGE_TARNAME "cpputest"
| #define PACKAGE_VERSION "3.8"
| #define PACKAGE_STRING "CppUTest 3.8"
| #define PACKAGE_BUGREPORT "https://github.com/cpputest/cpputest"
| #define PACKAGE_URL ""
| #define PACKAGE "cpputest"
| #define VERSION "3.8"
| #define STDC_HEADERS 1
| #define HAVE_SYS_TYPES_H 1
| #define HAVE_SYS_STAT_H 1
| #define HAVE_STDLIB_H 1
| #define HAVE_STRING_H 1
| #define HAVE_MEMORY_H 1
| #define HAVE_STRINGS_H 1
| #define HAVE_INTTYPES_H 1
| #define HAVE_STDINT_H 1
| #define HAVE_UNISTD_H 1
| #define HAVE_DLFCN_H 1
| #define LT_OBJDIR ".libs/"
| #define HAVE_STDDEF_H 1
| #define HAVE_STDINT_H 1
| #define HAVE_STDLIB_H 1
| #define HAVE_STRING_H 1
| #define HAVE_SYS_TIME_H 1
| #define HAVE_UNISTD_H 1
| #define HAVE_UNSIGNED_LONG_LONG_INT 1
| #define HAVE_LONG_LONG_INT 1
| /* end confdefs.h.  */
| #include <vfork.h>
configure:17692: result: no
configure:17692: checking for vfork.h
configure:17692: result: no
configure:17705: checking for fork
configure:17705: gcc -o conftest -g -O2   conftest.c    -lpthread >&5
conftest.c:54:6: warning: conflicting types for built-in function 'fork' [-Wbuiltin-declaration-mismatch]
 char fork ();
      ^~~~
configure:17705: $? = 0
configure:17705: result: yes
configure:17705: checking for vfork
configure:17705: gcc -o conftest -g -O2   conftest.c    -lpthread >&5
configure:17705: $? = 0
configure:17705: result: yes
configure:17715: checking for working fork
configure:17737: gcc -o conftest -g -O2   conftest.c    -lpthread >&5
configure:17737: $? = 0
configure:17737: ./conftest
configure:17737: $? = 0
configure:17747: result: yes
configure:17768: checking for working vfork
configure:17878: result: yes
configure:17906: checking for gettimeofday
configure:17906: gcc -o conftest -g -O2   conftest.c    -lpthread >&5
configure:17906: $? = 0
configure:17906: result: yes
configure:17906: checking for memset
configure:17906: gcc -o conftest -g -O2   conftest.c    -lpthread >&5
conftest.c:59:6: warning: conflicting types for built-in function 'memset' [-Wbuiltin-declaration-mismatch]
 char memset ();
      ^~~~~~
configure:17906: $? = 0
configure:17906: result: yes
configure:17906: checking for strstr
configure:17906: gcc -o conftest -g -O2   conftest.c    -lpthread >&5
conftest.c:60:6: warning: conflicting types for built-in function 'strstr' [-Wbuiltin-declaration-mismatch]
 char strstr ();
      ^~~~~~
configure:17906: $? = 0
configure:17906: result: yes
configure:17906: checking for strdup
configure:17906: gcc -o conftest -g -O2   conftest.c    -lpthread >&5
conftest.c:61:6: warning: conflicting types for built-in function 'strdup' [-Wbuiltin-declaration-mismatch]
 char strdup ();
      ^~~~~~
configure:17906: $? = 0
configure:17906: result: yes
configure:17918: checking for gcc
configure:17934: found /usr/bin/gcc
configure:17946: result: yes
configure:17956: checking for clang
configure:17984: result: no
configure:17994: checking for lcov
configure:18022: result: no
configure:18032: checking for valgrind
configure:18060: result: no
configure:18070: checking for dash
configure:18086: found /bin/dash
configure:18098: result: yes
configure:18150: checking whether CXX supports -std=c++1y
configure:18163: g++ -c -Werror -std=c++1y  conftest.cpp >&5
configure:18163: $? = 0
configure:18164: result: yes
configure:18175: checking whether CXX supports -std=c++14
configure:18188: g++ -c -Werror -std=c++14  conftest.cpp >&5
configure:18188: $? = 0
configure:18189: result: yes
configure:18205: checking whether CXX supports -std=c++0x
configure:18218: g++ -c -Werror -std=c++0x  conftest.cpp >&5
configure:18218: $? = 0
configure:18219: result: yes
configure:18229: checking whether CXX supports -std=c++11
configure:18242: g++ -c -Werror -std=c++11  conftest.cpp >&5
configure:18242: $? = 0
configure:18243: result: yes
configure:18253: checking whether CXX supports -stdlib=libc++
configure:18266: g++ -c -Werror -stdlib=libc++  conftest.cpp >&5
g++: error: unrecognized command line option '-stdlib=libc++'
configure:18266: $? = 1
configure: failed program was:
| /* confdefs.h */
| #define PACKAGE_NAME "CppUTest"
| #define PACKAGE_TARNAME "cpputest"
| #define PACKAGE_VERSION "3.8"
| #define PACKAGE_STRING "CppUTest 3.8"
| #define PACKAGE_BUGREPORT "https://github.com/cpputest/cpputest"
| #define PACKAGE_URL ""
| #define PACKAGE "cpputest"
| #define VERSION "3.8"
| #define STDC_HEADERS 1
| #define HAVE_SYS_TYPES_H 1
| #define HAVE_SYS_STAT_H 1
| #define HAVE_STDLIB_H 1
| #define HAVE_STRING_H 1
| #define HAVE_MEMORY_H 1
| #define HAVE_STRINGS_H 1
| #define HAVE_INTTYPES_H 1
| #define HAVE_STDINT_H 1
| #define HAVE_UNISTD_H 1
| #define HAVE_DLFCN_H 1
| #define LT_OBJDIR ".libs/"
| #define HAVE_STDDEF_H 1
| #define HAVE_STDINT_H 1
| #define HAVE_STDLIB_H 1
| #define HAVE_STRING_H 1
| #define HAVE_SYS_TIME_H 1
| #define HAVE_UNISTD_H 1
| #define HAVE_UNSIGNED_LONG_LONG_INT 1
| #define HAVE_LONG_LONG_INT 1
| #define HAVE_FORK 1
| #define HAVE_VFORK 1
| #define HAVE_WORKING_VFORK 1
| #define HAVE_WORKING_FORK 1
| #define HAVE_GETTIMEOFDAY 1
| #define HAVE_MEMSET 1
| #define HAVE_STRSTR 1
| #define HAVE_STRDUP 1
| /* end confdefs.h.  */
| #include <cstdio>
| int
| main ()
| {
| 
|   ;
|   return 0;
| }
configure:18270: result: no
configure:18278: checking whether CXX supports -Wno-c++98-compat
configure:18291: g++ -c -Werror -Wno-c++98-compat  conftest.cpp >&5
configure:18291: $? = 0
configure:18292: result: yes
configure:18303: checking whether CXX supports -Wno-c++98-compat-pedantic
configure:18316: g++ -c -Werror -Wno-c++98-compat-pedantic  conftest.cpp >&5
configure:18316: $? = 0
configure:18317: result: yes
configure:18328: checking whether CXX supports -Wno-c++14-compat
configure:18341: g++ -c -Werror -Wno-c++14-compat  conftest.cpp >&5
configure:18341: $? = 0
configure:18342: result: yes
configure:18360: checking whether CC and CXX supports -Wno-c++11-long-long
configure:18373: gcc -c -Werror -Wno-c++11-long-long  conftest.c >&5
configure:18373: $? = 0
configure:18374: result: yes
configure:18385: checking whether CC and CXX supports -Wno-long-long
configure:18398: gcc -c -Werror -Wno-long-long  conftest.c >&5
configure:18398: $? = 0
configure:18399: result: yes
configure:18413: checking whether CC and CXX supports -Weverything
configure:18426: gcc -c -Werror -Weverything -Wno-unused-macros  conftest.c >&5
gcc: error: unrecognized command line option '-Weverything'
configure:18426: $? = 1
configure: failed program was:
| /* confdefs.h */
| #define PACKAGE_NAME "CppUTest"
| #define PACKAGE_TARNAME "cpputest"
| #define PACKAGE_VERSION "3.8"
| #define PACKAGE_STRING "CppUTest 3.8"
| #define PACKAGE_BUGREPORT "https://github.com/cpputest/cpputest"
| #define PACKAGE_URL ""
| #define PACKAGE "cpputest"
| #define VERSION "3.8"
| #define STDC_HEADERS 1
| #define HAVE_SYS_TYPES_H 1
| #define HAVE_SYS_STAT_H 1
| #define HAVE_STDLIB_H 1
| #define HAVE_STRING_H 1
| #define HAVE_MEMORY_H 1
| #define HAVE_STRINGS_H 1
| #define HAVE_INTTYPES_H 1
| #define HAVE_STDINT_H 1
| #define HAVE_UNISTD_H 1
| #define HAVE_DLFCN_H 1
| #define LT_OBJDIR ".libs/"
| #define HAVE_STDDEF_H 1
| #define HAVE_STDINT_H 1
| #define HAVE_STDLIB_H 1
| #define HAVE_STRING_H 1
| #define HAVE_SYS_TIME_H 1
| #define HAVE_UNISTD_H 1
| #define HAVE_UNSIGNED_LONG_LONG_INT 1
| #define HAVE_LONG_LONG_INT 1
| #define HAVE_FORK 1
| #define HAVE_VFORK 1
| #define HAVE_WORKING_VFORK 1
| #define HAVE_WORKING_FORK 1
| #define HAVE_GETTIMEOFDAY 1
| #define HAVE_MEMSET 1
| #define HAVE_STRSTR 1
| #define HAVE_STRDUP 1
| /* end confdefs.h.  */
| 
| int
| main ()
| {
| 
|   ;
|   return 0;
| }
configure:18430: result: no
configure:18438: checking whether CC and CXX supports -Wall
configure:18451: gcc -c -Werror -Wall  conftest.c >&5
configure:18451: $? = 0
configure:18452: result: yes
configure:18463: checking whether CC and CXX supports -Wextra
configure:18476: gcc -c -Werror -Wextra  conftest.c >&5
configure:18476: $? = 0
configure:18477: result: yes
configure:18488: checking whether CC and CXX supports -Wshadow
configure:18501: gcc -c -Werror -Wshadow  conftest.c >&5
configure:18501: $? = 0
configure:18502: result: yes
configure:18513: checking whether CC and CXX supports -Wswitch-default
configure:18526: gcc -c -Werror -Wswitch-default  conftest.c >&5
configure:18526: $? = 0
configure:18527: result: yes
configure:18538: checking whether CC and CXX supports -Wswitch-enum
configure:18551: gcc -c -Werror -Wswitch-enum  conftest.c >&5
configure:18551: $? = 0
configure:18552: result: yes
configure:18563: checking whether CC and CXX supports -Wconversion
configure:18576: gcc -c -Werror -Wconversion  conftest.c >&5
configure:18576: $? = 0
configure:18577: result: yes
configure:18588: checking whether CC and CXX supports -pedantic
configure:18601: gcc -c -Werror -pedantic  conftest.c >&5
configure:18601: $? = 0
configure:18602: result: yes
configure:18613: checking whether CC supports -Wsign-conversion
configure:18626: gcc -c -Werror -Wsign-conversion  conftest.c >&5
configure:18626: $? = 0
configure:18627: result: yes
configure:18646: checking whether CXX supports -Wsign-conversion
configure:18659: g++ -c -Werror -Wsign-conversion  conftest.cpp >&5
configure:18659: $? = 0
configure:18660: result: yes
configure:18671: checking whether CXX supports -Woverloaded-virtual
configure:18684: g++ -c -Werror -Woverloaded-virtual  conftest.cpp >&5
configure:18684: $? = 0
configure:18685: result: yes
configure:18703: checking whether CC supports -Wstrict-prototypes
configure:18716: gcc -c -Werror -Wstrict-prototypes  conftest.c >&5
conftest.c:41:1: error: function declaration isn't a prototype [-Werror=strict-prototypes]
 main ()
 ^~~~
cc1: all warnings being treated as errors
configure:18716: $? = 1
configure: failed program was:
| /* confdefs.h */
| #define PACKAGE_NAME "CppUTest"
| #define PACKAGE_TARNAME "cpputest"
| #define PACKAGE_VERSION "3.8"
| #define PACKAGE_STRING "CppUTest 3.8"
| #define PACKAGE_BUGREPORT "https://github.com/cpputest/cpputest"
| #define PACKAGE_URL ""
| #define PACKAGE "cpputest"
| #define VERSION "3.8"
| #define STDC_HEADERS 1
| #define HAVE_SYS_TYPES_H 1
| #define HAVE_SYS_STAT_H 1
| #define HAVE_STDLIB_H 1
| #define HAVE_STRING_H 1
| #define HAVE_MEMORY_H 1
| #define HAVE_STRINGS_H 1
| #define HAVE_INTTYPES_H 1
| #define HAVE_STDINT_H 1
| #define HAVE_UNISTD_H 1
| #define HAVE_DLFCN_H 1
| #define LT_OBJDIR ".libs/"
| #define HAVE_STDDEF_H 1
| #define HAVE_STDINT_H 1
| #define HAVE_STDLIB_H 1
| #define HAVE_STRING_H 1
| #define HAVE_SYS_TIME_H 1
| #define HAVE_UNISTD_H 1
| #define HAVE_UNSIGNED_LONG_LONG_INT 1
| #define HAVE_LONG_LONG_INT 1
| #define HAVE_FORK 1
| #define HAVE_VFORK 1
| #define HAVE_WORKING_VFORK 1
| #define HAVE_WORKING_FORK 1
| #define HAVE_GETTIMEOFDAY 1
| #define HAVE_MEMSET 1
| #define HAVE_STRSTR 1
| #define HAVE_STRDUP 1
| /* end confdefs.h.  */
| 
| int
| main ()
| {
| 
|   ;
|   return 0;
| }
configure:18720: result: no
configure:18733: checking whether CC and CXX supports -Wno-disabled-macro-expansion
configure:18746: gcc -c -Werror -Wno-disabled-macro-expansion  conftest.c >&5
configure:18746: $? = 0
configure:18747: result: yes
configure:18758: checking whether CC and CXX supports -Wno-padded
configure:18771: gcc -c -Werror -Wno-padded  conftest.c >&5
configure:18771: $? = 0
configure:18772: result: yes
configure:18783: checking whether CC and CXX supports -Wno-reserved-id-macro
configure:18796: gcc -c -Werror -Wno-reserved-id-macro  conftest.c >&5
configure:18796: $? = 0
configure:18797: result: yes
configure:18808: checking whether CC and CXX supports -Wno-keyword-macro
configure:18821: gcc -c -Werror -Wno-keyword-macro  conftest.c >&5
configure:18821: $? = 0
configure:18822: result: yes
configure:18839: checking whether CXX supports -Wno-global-constructors
configure:18852: g++ -c -Werror -Wno-global-constructors  conftest.cpp >&5
configure:18852: $? = 0
configure:18853: result: yes
configure:18864: checking whether CXX supports -Wno-exit-time-destructors
configure:18877: g++ -c -Werror -Wno-exit-time-destructors  conftest.cpp >&5
configure:18877: $? = 0
configure:18878: result: yes
configure:18889: checking whether CXX supports -Wno-weak-vtables
configure:18902: g++ -c -Werror -Wno-weak-vtables  conftest.cpp >&5
configure:18902: $? = 0
configure:18903: result: yes
configure:18914: checking whether CXX supports -Wno-old-style-cast
configure:18927: g++ -c -Werror -Wno-old-style-cast  conftest.cpp >&5
configure:18927: $? = 0
configure:18928: result: yes
configure:18955: checking whether CXX and the linker supports --coverage (broken in clang 3.3)
configure:18968: g++ -o conftest -Werror --coverage   conftest.cpp    -lpthread >&5
configure:18968: $? = 0
configure:18969: result: yes
configure:18998: checking whether CXX supports operator delete without exception handling specifier
configure:19011: g++ -c -Werror  conftest.cpp >&5
conftest.cpp:39:15: error: extra tokens at end of #include directive [-Werror]
 #include <new>\nvoid operator delete(void* mem);
               ^
cc1plus: all warnings being treated as errors
configure:19011: $? = 1
configure: failed program was:
| /* confdefs.h */
| #define PACKAGE_NAME "CppUTest"
| #define PACKAGE_TARNAME "cpputest"
| #define PACKAGE_VERSION "3.8"
| #define PACKAGE_STRING "CppUTest 3.8"
| #define PACKAGE_BUGREPORT "https://github.com/cpputest/cpputest"
| #define PACKAGE_URL ""
| #define PACKAGE "cpputest"
| #define VERSION "3.8"
| #define STDC_HEADERS 1
| #define HAVE_SYS_TYPES_H 1
| #define HAVE_SYS_STAT_H 1
| #define HAVE_STDLIB_H 1
| #define HAVE_STRING_H 1
| #define HAVE_MEMORY_H 1
| #define HAVE_STRINGS_H 1
| #define HAVE_INTTYPES_H 1
| #define HAVE_STDINT_H 1
| #define HAVE_UNISTD_H 1
| #define HAVE_DLFCN_H 1
| #define LT_OBJDIR ".libs/"
| #define HAVE_STDDEF_H 1
| #define HAVE_STDINT_H 1
| #define HAVE_STDLIB_H 1
| #define HAVE_STRING_H 1
| #define HAVE_SYS_TIME_H 1
| #define HAVE_UNISTD_H 1
| #define HAVE_UNSIGNED_LONG_LONG_INT 1
| #define HAVE_LONG_LONG_INT 1
| #define HAVE_FORK 1
| #define HAVE_VFORK 1
| #define HAVE_WORKING_VFORK 1
| #define HAVE_WORKING_FORK 1
| #define HAVE_GETTIMEOFDAY 1
| #define HAVE_MEMSET 1
| #define HAVE_STRSTR 1
| #define HAVE_STRDUP 1
| /* end confdefs.h.  */
| #include <new>\nvoid operator delete(void* mem);
| int
| main ()
| {
| 
|   ;
|   return 0;
| }
configure:19015: result: no
configure:19023: checking whether CXX supports operator new with exception handling specifier
configure:19036: g++ -c -Werror  conftest.cpp >&5
conftest.cpp:39:15: error: extra tokens at end of #include directive [-Werror]
 #include <new>\nvoid* operator new(size_t size) throw(std::bad_alloc);;
               ^
cc1plus: all warnings being treated as errors
configure:19036: $? = 1
configure: failed program was:
| /* confdefs.h */
| #define PACKAGE_NAME "CppUTest"
| #define PACKAGE_TARNAME "cpputest"
| #define PACKAGE_VERSION "3.8"
| #define PACKAGE_STRING "CppUTest 3.8"
| #define PACKAGE_BUGREPORT "https://github.com/cpputest/cpputest"
| #define PACKAGE_URL ""
| #define PACKAGE "cpputest"
| #define VERSION "3.8"
| #define STDC_HEADERS 1
| #define HAVE_SYS_TYPES_H 1
| #define HAVE_SYS_STAT_H 1
| #define HAVE_STDLIB_H 1
| #define HAVE_STRING_H 1
| #define HAVE_MEMORY_H 1
| #define HAVE_STRINGS_H 1
| #define HAVE_INTTYPES_H 1
| #define HAVE_STDINT_H 1
| #define HAVE_UNISTD_H 1
| #define HAVE_DLFCN_H 1
| #define LT_OBJDIR ".libs/"
| #define HAVE_STDDEF_H 1
| #define HAVE_STDINT_H 1
| #define HAVE_STDLIB_H 1
| #define HAVE_STRING_H 1
| #define HAVE_SYS_TIME_H 1
| #define HAVE_UNISTD_H 1
| #define HAVE_UNSIGNED_LONG_LONG_INT 1
| #define HAVE_LONG_LONG_INT 1
| #define HAVE_FORK 1
| #define HAVE_VFORK 1
| #define HAVE_WORKING_VFORK 1
| #define HAVE_WORKING_FORK 1
| #define HAVE_GETTIMEOFDAY 1
| #define HAVE_MEMSET 1
| #define HAVE_STRSTR 1
| #define HAVE_STRDUP 1
| /* end confdefs.h.  */
| #include <new>\nvoid* operator new(size_t size) throw(std::bad_alloc);;
| int
| main ()
| {
| 
|   ;
|   return 0;
| }
configure:19040: result: no
configure:19048: checking whether CXX supports -Wno-missing-exception-spec
configure:19061: g++ -c -Werror -Wno-missing-exception-spec  conftest.cpp >&5
configure:19061: $? = 0
configure:19062: result: yes
configure:19091: checking whether CXXLD supports -Qunused-arguments linker option
configure:19106: result: no
configure:19112: checking whether LD supports -Wl,-map
configure:19125: gcc -o conftest -g -O2   -Wl,-map,filename.map.txt conftest.c    -lpthread >&5
/usr/bin/ld: unrecognised emulation mode: ap
Supported emulations: elf_x86_64 elf32_x86_64 elf_i386 elf_iamcu i386linux elf_l1om elf_k1om i386pep i386pe
collect2: error: ld returned 1 exit status
configure:19125: $? = 1
configure: failed program was:
| /* confdefs.h */
| #define PACKAGE_NAME "CppUTest"
| #define PACKAGE_TARNAME "cpputest"
| #define PACKAGE_VERSION "3.8"
| #define PACKAGE_STRING "CppUTest 3.8"
| #define PACKAGE_BUGREPORT "https://github.com/cpputest/cpputest"
| #define PACKAGE_URL ""
| #define PACKAGE "cpputest"
| #define VERSION "3.8"
| #define STDC_HEADERS 1
| #define HAVE_SYS_TYPES_H 1
| #define HAVE_SYS_STAT_H 1
| #define HAVE_STDLIB_H 1
| #define HAVE_STRING_H 1
| #define HAVE_MEMORY_H 1
| #define HAVE_STRINGS_H 1
| #define HAVE_INTTYPES_H 1
| #define HAVE_STDINT_H 1
| #define HAVE_UNISTD_H 1
| #define HAVE_DLFCN_H 1
| #define LT_OBJDIR ".libs/"
| #define HAVE_STDDEF_H 1
| #define HAVE_STDINT_H 1
| #define HAVE_STDLIB_H 1
| #define HAVE_STRING_H 1
| #define HAVE_SYS_TIME_H 1
| #define HAVE_UNISTD_H 1
| #define HAVE_UNSIGNED_LONG_LONG_INT 1
| #define HAVE_LONG_LONG_INT 1
| #define HAVE_FORK 1
| #define HAVE_VFORK 1
| #define HAVE_WORKING_VFORK 1
| #define HAVE_WORKING_FORK 1
| #define HAVE_GETTIMEOFDAY 1
| #define HAVE_MEMSET 1
| #define HAVE_STRSTR 1
| #define HAVE_STRDUP 1
| /* end confdefs.h.  */
| 
| int
| main ()
| {
| 
|   ;
|   return 0;
| }
configure:19129: result: no
configure:19303: checking for the availability of gmock via the GMOCK_HOME variable
configure:19506: checking that generated files are newer than configure
configure:19512: result: done
configure:19555: creating ./config.status

## ---------------------- ##
## Running config.status. ##
## ---------------------- ##

This file was extended by CppUTest config.status 3.8, which was
generated by GNU Autoconf 2.69.  Invocation command line was

  CONFIG_FILES    = 
  CONFIG_HEADERS  = 
  CONFIG_LINKS    = 
  CONFIG_COMMANDS = 
  $ ./config.status 

on domantas-OptiPlex-760

config.status:1299: creating cpputest.pc
config.status:1299: creating Makefile
config.status:1299: creating config.h
config.status:1528: executing generated/CppUTestGeneratedConfig.h commands
config.status:1566: creating generated/CppUTestGeneratedConfig.h - prefix CPPUTEST for config.h defines
config.status:1528: executing depfiles commands
config.status:1528: executing libtool commands

## ---------------- ##
## Cache variables. ##
## ---------------- ##

ac_cv_build=x86_64-pc-linux-gnu
ac_cv_c_compiler_gnu=yes
ac_cv_c_inline=inline
ac_cv_c_int16_t=yes
ac_cv_c_int32_t=yes
ac_cv_c_int64_t=yes
ac_cv_c_int8_t=yes
ac_cv_c_uint16_t=yes
ac_cv_c_uint32_t=yes
ac_cv_c_uint64_t=yes
ac_cv_c_uint8_t=yes
ac_cv_cxx_compiler_gnu=yes
ac_cv_env_CCC_set=
ac_cv_env_CCC_value=
ac_cv_env_CC_set=
ac_cv_env_CC_value=
ac_cv_env_CFLAGS_set=
ac_cv_env_CFLAGS_value=
ac_cv_env_CPPFLAGS_set=
ac_cv_env_CPPFLAGS_value=
ac_cv_env_CPP_set=
ac_cv_env_CPP_value=
ac_cv_env_CXXCPP_set=
ac_cv_env_CXXCPP_value=
ac_cv_env_CXXFLAGS_set=
ac_cv_env_CXXFLAGS_value=
ac_cv_env_CXX_set=
ac_cv_env_CXX_value=
ac_cv_env_GMOCK_HOME_set=
ac_cv_env_GMOCK_HOME_value=
ac_cv_env_LDFLAGS_set=
ac_cv_env_LDFLAGS_value=
ac_cv_env_LIBS_set=
ac_cv_env_LIBS_value=
ac_cv_env_LT_SYS_LIBRARY_PATH_set=
ac_cv_env_LT_SYS_LIBRARY_PATH_value=
ac_cv_env_build_alias_set=
ac_cv_env_build_alias_value=
ac_cv_env_host_alias_set=
ac_cv_env_host_alias_value=
ac_cv_env_target_alias_set=
ac_cv_env_target_alias_value=
ac_cv_func_dlopen=no
ac_cv_func_fork=yes
ac_cv_func_fork_works=yes
ac_cv_func_gettimeofday=yes
ac_cv_func_memset=yes
ac_cv_func_shl_load=no
ac_cv_func_strdup=yes
ac_cv_func_strstr=yes
ac_cv_func_vfork=yes
ac_cv_func_vfork_works=yes
ac_cv_header_dlfcn_h=yes
ac_cv_header_inttypes_h=yes
ac_cv_header_memory_h=yes
ac_cv_header_stdc=yes
ac_cv_header_stddef_h=yes
ac_cv_header_stdint_h=yes
ac_cv_header_stdlib_h=yes
ac_cv_header_string_h=yes
ac_cv_header_strings_h=yes
ac_cv_header_sys_stat_h=yes
ac_cv_header_sys_time_h=yes
ac_cv_header_sys_types_h=yes
ac_cv_header_unistd_h=yes
ac_cv_header_vfork_h=no
ac_cv_host=x86_64-pc-linux-gnu
ac_cv_lib_dl_dlopen=yes
ac_cv_lib_dld_shl_load=no
ac_cv_objext=o
ac_cv_path_EGREP='/bin/grep -E'
ac_cv_path_FGREP='/bin/grep -F'
ac_cv_path_GREP=/bin/grep
ac_cv_path_SED=/bin/sed
ac_cv_path_install='/usr/bin/install -c'
ac_cv_path_lt_DD=/bin/dd
ac_cv_path_mkdir=/bin/mkdir
ac_cv_prog_AWK=mawk
ac_cv_prog_CPP='gcc -E'
ac_cv_prog_CPPUTEST_HAS_CLANG=no
ac_cv_prog_CPPUTEST_HAS_DASH=yes
ac_cv_prog_CPPUTEST_HAS_GCC=yes
ac_cv_prog_CPPUTEST_HAS_LCOV=no
ac_cv_prog_CPPUTEST_HAS_VALGRIND=no
ac_cv_prog_CXXCPP='g++ -E'
ac_cv_prog_ac_ct_AR=ar
ac_cv_prog_ac_ct_CC=gcc
ac_cv_prog_ac_ct_CXX=g++
ac_cv_prog_ac_ct_MANIFEST_TOOL=mt
ac_cv_prog_ac_ct_OBJDUMP=objdump
ac_cv_prog_ac_ct_RANLIB=ranlib
ac_cv_prog_ac_ct_STRIP=strip
ac_cv_prog_cc_c89=
ac_cv_prog_cc_g=yes
ac_cv_prog_cxx_g=yes
ac_cv_prog_make_make_set=yes
ac_cv_type_long_long_int=yes
ac_cv_type_pid_t=yes
ac_cv_type_size_t=yes
ac_cv_type_unsigned_long_long_int=yes
am_cv_CC_dependencies_compiler_type=gcc3
am_cv_CXX_dependencies_compiler_type=gcc3
am_cv_make_support_nested_variables=yes
am_cv_prog_cc_c_o=yes
lt_cv_ar_at_file=@
lt_cv_archive_cmds_need_lc=no
lt_cv_deplibs_check_method=pass_all
lt_cv_dlopen=dlopen
lt_cv_dlopen_libs=-ldl
lt_cv_dlopen_self=yes
lt_cv_dlopen_self_static=no
lt_cv_file_magic_cmd='$MAGIC_CMD'
lt_cv_file_magic_test_file=
lt_cv_ld_reload_flag=-r
lt_cv_nm_interface='BSD nm'
lt_cv_objdir=.libs
lt_cv_path_LD=/usr/bin/ld
lt_cv_path_LDCXX='/usr/bin/ld -m elf_x86_64'
lt_cv_path_NM='/usr/bin/nm -B'
lt_cv_path_mainfest_tool=no
lt_cv_prog_compiler_c_o=yes
lt_cv_prog_compiler_c_o_CXX=yes
lt_cv_prog_compiler_pic='-fPIC -DPIC'
lt_cv_prog_compiler_pic_CXX='-fPIC -DPIC'
lt_cv_prog_compiler_pic_works=yes
lt_cv_prog_compiler_pic_works_CXX=yes
lt_cv_prog_compiler_rtti_exceptions=no
lt_cv_prog_compiler_static_works=yes
lt_cv_prog_compiler_static_works_CXX=yes
lt_cv_prog_gnu_ld=yes
lt_cv_prog_gnu_ldcxx=yes
lt_cv_sharedlib_from_linklib_cmd='printf %s\n'
lt_cv_shlibpath_overrides_runpath=yes
lt_cv_sys_global_symbol_pipe='sed -n -e '\''s/^.*[	 ]\([ABCDGIRSTW][ABCDGIRSTW]*\)[	 ][	 ]*\([_A-Za-z][_A-Za-z0-9]*\)$/\1 \2 \2/p'\'' | sed '\''/ __gnu_lto/d'\'''
lt_cv_sys_global_symbol_to_c_name_address='sed -n -e '\''s/^: \(.*\) .*$/  {"\1", (void *) 0},/p'\'' -e '\''s/^[ABCDGIRSTW][ABCDGIRSTW]* .* \(.*\)$/  {"\1", (void *) \&\1},/p'\'''
lt_cv_sys_global_symbol_to_c_name_address_lib_prefix='sed -n -e '\''s/^: \(.*\) .*$/  {"\1", (void *) 0},/p'\'' -e '\''s/^[ABCDGIRSTW][ABCDGIRSTW]* .* \(lib.*\)$/  {"\1", (void *) \&\1},/p'\'' -e '\''s/^[ABCDGIRSTW][ABCDGIRSTW]* .* \(.*\)$/  {"lib\1", (void *) \&\1},/p'\'''
lt_cv_sys_global_symbol_to_cdecl='sed -n -e '\''s/^T .* \(.*\)$/extern int \1();/p'\'' -e '\''s/^[ABCDGIRSTW][ABCDGIRSTW]* .* \(.*\)$/extern char \1;/p'\'''
lt_cv_sys_global_symbol_to_import=
lt_cv_sys_max_cmd_len=1572864
lt_cv_to_host_file_cmd=func_convert_file_noop
lt_cv_to_tool_file_cmd=func_convert_file_noop
lt_cv_truncate_bin='/bin/dd bs=4096 count=1'

## ----------------- ##
## Output variables. ##
## ----------------- ##

ACLOCAL='${SHELL} /home/domantas/Documents/projects/cpputest/missing aclocal-1.15'
ALL_FILES_IN_GIT='.cproject .gitattributes .gitignore .project .settings/org.eclipse.cdt.core.prefs .settings/org.eclipse.cdt.ui.prefs .travis.yml .travis_github_deployer.yml AUTHORS CMakeLists.txt COPYING ChangeLog CppUTest.dep CppUTest.dsp CppUTest.dsw CppUTest.mak CppUTest.sln CppUTest.vcproj CppUTest.vcxproj CppUTestConfig.cmake.build.in CppUTestConfig.cmake.install.in CppUTest_VS201x.sln Doxyfile Makefile.am Makefile_CppUTestExt Makefile_using_MakefileWorker NEWS README README.md README_CppUTest_for_C.txt README_InstallCppUTest.txt README_UsersOfPriorVersions.txt appveyor.yml autogen.sh build/ComponentMakefile build/ComponentMakefileExampleParameters build/MakefileWorker.mk build/StaticLibMakefile build/alltests.mmp build/bld.inf build/cpputest.mmp builds/make-gcc-macport.sh cmake/Modules/CppUTestBuildTimeDiscoverTests.cmake cmake/Modules/CppUTestConfigurationOptions.cmake cmake/Modules/CppUTestNormalizeTestOutputLocation.cmake cmake/Modules/CppUTestWarningFlags.cmake cmake/Modules/FindCXX11.cmake cmake/Scripts/CppUTestBuildTimeDiscoverTests.cmake config.h.cmake configure.ac cpputest.pc.in cpputest_build/.gitignore cpputest_doxy_gen.conf docs/WalkThrough_VS21010.docx examples/.cdtproject examples/.project examples/.settings/org.eclipse.cdt.core.prefs examples/AllTests/AllTests.cpp examples/AllTests/AllTests.dsp examples/AllTests/AllTests.h examples/AllTests/AllTests.vcproj examples/AllTests/AllTests.vcxproj examples/AllTests/CircularBufferTest.cpp examples/AllTests/EventDispatcherTest.cpp examples/AllTests/FEDemoTest.cpp examples/AllTests/HelloTest.cpp examples/AllTests/MockDocumentationTest.cpp examples/AllTests/MockPrinter.h examples/AllTests/PrinterTest.cpp examples/AllTests/RunAllTests.sh examples/ApplicationLib/ApplicationLib.dsp examples/ApplicationLib/ApplicationLib.vcproj examples/ApplicationLib/ApplicationLib.vcxproj examples/ApplicationLib/CircularBuffer.cpp examples/ApplicationLib/CircularBuffer.h examples/ApplicationLib/EventDispatcher.cpp examples/ApplicationLib/EventDispatcher.h examples/ApplicationLib/ExamplesNewOverrides.h examples/ApplicationLib/Printer.cpp examples/ApplicationLib/Printer.h examples/ApplicationLib/hello.c examples/ApplicationLib/hello.h examples/CppUTestExample.dsw examples/CppUTestExample_VS2008.sln examples/CppUTestExample_VS201x.sln examples/Makefile examples/README.txt include/CppUTest/CommandLineArguments.h include/CppUTest/CommandLineTestRunner.h include/CppUTest/CppUTestConfig.h include/CppUTest/CppUTestGeneratedConfig.h include/CppUTest/JUnitTestOutput.h include/CppUTest/MemoryLeakDetector.h include/CppUTest/MemoryLeakDetectorMallocMacros.h include/CppUTest/MemoryLeakDetectorNewMacros.h include/CppUTest/MemoryLeakWarningPlugin.h include/CppUTest/PlatformSpecificFunctions.h include/CppUTest/PlatformSpecificFunctions_c.h include/CppUTest/Shuffle.h include/CppUTest/SimpleMutex.h include/CppUTest/SimpleString.h include/CppUTest/StandardCLibrary.h include/CppUTest/TeamCityTestOutput.h include/CppUTest/TestFailure.h include/CppUTest/TestFilter.h include/CppUTest/TestHarness.h include/CppUTest/TestHarness_c.h include/CppUTest/TestMemoryAllocator.h include/CppUTest/TestOutput.h include/CppUTest/TestPlugin.h include/CppUTest/TestRegistry.h include/CppUTest/TestResult.h include/CppUTest/TestTestingFixture.h include/CppUTest/Utest.h include/CppUTest/UtestMacros.h include/CppUTestExt/CodeMemoryReportFormatter.h include/CppUTestExt/GMock.h include/CppUTestExt/GTest.h include/CppUTestExt/GTestConvertor.h include/CppUTestExt/IEEE754ExceptionsPlugin.h include/CppUTestExt/MemoryReportAllocator.h include/CppUTestExt/MemoryReportFormatter.h include/CppUTestExt/MemoryReporterPlugin.h include/CppUTestExt/MockActualCall.h include/CppUTestExt/MockCheckedActualCall.h include/CppUTestExt/MockCheckedExpectedCall.h include/CppUTestExt/MockExpectedCall.h include/CppUTestExt/MockExpectedCallsList.h include/CppUTestExt/MockFailure.h include/CppUTestExt/MockNamedValue.h include/CppUTestExt/MockSupport.h include/CppUTestExt/MockSupportPlugin.h include/CppUTestExt/MockSupport_c.h include/CppUTestExt/OrderedTest.h include/Platforms/c2000/stdint.h m4/acx_pthread.m4 m4/m4_ax_prefix_config_h.m4 makeAndRun.bat makeVS2008.bat makeVS201x.bat makeVc6.bat platforms/CCStudio/CppUTest.pjt platforms/CCStudio/CppUTest.wks platforms/CCStudio/CppUTestExtRunAllTests1.pjt platforms/CCStudio/CppUTestExtRunAllTests2.pjt platforms/CCStudio/CppUTestRunAllTests1.pjt platforms/CCStudio/CppUTestRunAllTests2.pjt platforms/CCStudio/sim28335.cmd platforms/CCStudio/sim28335.gel platforms/CCStudio/sim2833x.cfg platforms/CCStudio/tests/CppUTest/AllTestsForTarget.cpp platforms/CCStudio/tests/CppUTestExt/AllTestsForTarget.cpp platforms/Dos/.gitignore platforms/Dos/ALLTESTS.BAT platforms/Dos/Makefile platforms/Dos/README.txt platforms/Dos/alltests.sh platforms/Dos/dosbox-0.74.conf platforms/Dos/sources.mk platforms/Eclipse-Cygwin/.cproject platforms/Eclipse-Cygwin/.project platforms/Eclipse-Cygwin/CppUTestExtTests.launch platforms/Eclipse-Cygwin/CppUTestTests.launch platforms/Eclipse-Cygwin/README.md platforms/IAR-STR912.zip platforms/armcc/Makefile platforms/armcc/README platforms/armcc/TODO platforms/iar/CppUTest.ewd platforms/iar/CppUTest.ewp platforms/iar/CppUTest.eww platforms/iar/CppUTestExt.ewp platforms/iar/CppUTestExtTest.ewp platforms/iar/CppUTestExtTest.icf platforms/iar/CppUTestTest.ewd platforms/iar/CppUTestTest.ewp platforms/iar/CppUTestTest.icf platforms/iar/tests/AllTests.cpp platforms/iar/tests/AllTests.h platforms/iar/tests/CppUTestExt/AllTests.cpp platforms_examples/README platforms_examples/armcc/AT91SAM7A3/.cproject platforms_examples/armcc/AT91SAM7A3/.project platforms_examples/armcc/AT91SAM7A3/AT91SAM7A3.jflash platforms_examples/armcc/AT91SAM7A3/AT91SAM7A3.launch platforms_examples/armcc/AT91SAM7A3/HEAP.txt platforms_examples/armcc/AT91SAM7A3/LICENSE platforms_examples/armcc/AT91SAM7A3/Makefile platforms_examples/armcc/AT91SAM7A3/RAM.txt platforms_examples/armcc/AT91SAM7A3/README platforms_examples/armcc/AT91SAM7A3/ROM.sct platforms_examples/armcc/AT91SAM7A3/STACK.txt platforms_examples/armcc/AT91SAM7A3/jlink_gdb.cmd platforms_examples/armcc/AT91SAM7A3/tests/main.cpp platforms_examples/armcc/LPC1768/.cproject platforms_examples/armcc/LPC1768/.project platforms_examples/armcc/LPC1768/LPC1768.jflash platforms_examples/armcc/LPC1768/README platforms_examples/armcc/LPC1768/ROM.sct platforms_examples/armcc/LPC1768/cpputest_example_Default.launch platforms_examples/armcc/LPC1768/jlink_gdb.cmd platforms_examples/armcc/LPC1768/tests/main.cpp platforms_examples/armcc/LPC1833/FLASH.sct platforms_examples/armcc/LPC1833/LPC1833.jflash platforms_examples/armcc/LPC1833/src/dummy.c platforms_examples/armcc/LPC1833/tests/main.cpp platforms_examples/armcc/LPC1833/tests/test1.cpp scripts/CppUnitTemplates/ClassName.cpp scripts/CppUnitTemplates/ClassName.h scripts/CppUnitTemplates/ClassNameC.c scripts/CppUnitTemplates/ClassNameC.h scripts/CppUnitTemplates/ClassNameCMultipleInstance.c scripts/CppUnitTemplates/ClassNameCMultipleInstance.h scripts/CppUnitTemplates/ClassNameCMultipleInstanceTest.cpp scripts/CppUnitTemplates/ClassNameCPolymorphic.c scripts/CppUnitTemplates/ClassNameCPolymorphic.h scripts/CppUnitTemplates/ClassNameCTest.cpp scripts/CppUnitTemplates/ClassNameTest.cpp scripts/CppUnitTemplates/InterfaceCTest.cpp scripts/CppUnitTemplates/InterfaceTest.cpp scripts/CppUnitTemplates/MockClassName.h scripts/CppUnitTemplates/MockClassNameC.c scripts/CppUnitTemplates/MockClassNameC.h scripts/CppUnitTemplates/ProjectTemplate/ProjectMakefile scripts/CppUnitTemplates/ProjectTemplate/include/util/ProjectBuildTime.h scripts/CppUnitTemplates/ProjectTemplate/src/util/ProjectBuildTime.cpp scripts/CppUnitTemplates/ProjectTemplate/tests/AllTests.cpp scripts/CppUnitTemplates/ProjectTemplate/tests/util/ProjectBuildTimeTest.cpp scripts/GenerateSrcFiles.sh scripts/InstallScripts.sh scripts/NewCBaseModule.sh scripts/NewCFunction.sh scripts/NewCInterface.sh scripts/NewCIoDriver.sh scripts/NewCModule.sh scripts/NewClass.sh scripts/NewCmiModule.sh scripts/NewHelp.sh scripts/NewInterface.sh scripts/NewLibrary.sh scripts/NewPackageDirs.sh scripts/NewProject.sh scripts/README.txt scripts/RefactorRenameIncludeFile.sh scripts/ReleaseCppUTest.sh scripts/UnityTemplates/ClassNameCIoDriverTest.cpp scripts/UnityTemplates/ClassNameCMultipleInstanceTest.cpp scripts/UnityTemplates/ClassNameCTest.cpp scripts/UnityTemplates/FunctionNameCTest.cpp scripts/UnityTemplates/InterfaceCTest.cpp scripts/VS2010Templates/CppUTest_VS2010.props scripts/VS2010Templates/README.txt scripts/appveyor_ci_build.ps1 scripts/appveyor_ci_test.ps1 scripts/appveyor_helpers.ps1 scripts/checkForCppUTestEnvVariable.sh scripts/convertToUnity/README.txt scripts/convertToUnity/cpp_u_test_to_unity.rb scripts/convertToUnity/cpp_u_test_to_unity_utils.rb scripts/convertToUnity/cpp_u_test_to_unity_utils_tests.rb scripts/convertToUnity/create_group_runner.rb scripts/convertToUnity/create_unity_test_runner.rb scripts/filterGcov.sh scripts/generate_junit_report_ant.xml scripts/reformat.sh scripts/squeeze.sh scripts/svnignore.txt scripts/templates/ClassName.cpp scripts/templates/ClassName.h scripts/templates/ClassNameC.c scripts/templates/ClassNameC.h scripts/templates/ClassNameCIoDriver.c scripts/templates/ClassNameCIoDriver.h scripts/templates/ClassNameCIoDriverTest.cpp scripts/templates/ClassNameCMultipleInstance.c scripts/templates/ClassNameCMultipleInstance.h scripts/templates/ClassNameCMultipleInstanceTest.cpp scripts/templates/ClassNameCPolymorphic.c scripts/templates/ClassNameCPolymorphic.h scripts/templates/ClassNameCTest.cpp scripts/templates/ClassNameTest.cpp scripts/templates/FunctionNameC.c scripts/templates/FunctionNameC.h scripts/templates/FunctionNameCTest.cpp scripts/templates/InterfaceCTest.cpp scripts/templates/InterfaceTest.cpp scripts/templates/MockClassName.h scripts/templates/MockClassNameC.c scripts/templates/MockClassNameC.h scripts/templates/ProjectTemplate/Project.cproject scripts/templates/ProjectTemplate/Project.project scripts/templates/ProjectTemplate/ProjectMakefile scripts/templates/ProjectTemplate/include/util/ProjectBuildTime.h scripts/templates/ProjectTemplate/src/util/ProjectBuildTime.cpp scripts/templates/ProjectTemplate/tests/AllTests.cpp scripts/templates/ProjectTemplate/tests/util/ProjectBuildTimeTest.cpp scripts/travis_ci_after.sh scripts/travis_ci_build.sh scripts/zipExclude.txt src/CppUTest/CMakeIntegration-README.md src/CppUTest/CMakeLists.txt src/CppUTest/CommandLineArguments.cpp src/CppUTest/CommandLineTestRunner.cpp src/CppUTest/JUnitTestOutput.cpp src/CppUTest/MemoryLeakDetector.cpp src/CppUTest/MemoryLeakWarningPlugin.cpp src/CppUTest/SimpleMutex.cpp src/CppUTest/SimpleString.cpp src/CppUTest/TeamCityTestOutput.cpp src/CppUTest/TestFailure.cpp src/CppUTest/TestFilter.cpp src/CppUTest/TestHarness_c.cpp src/CppUTest/TestMemoryAllocator.cpp src/CppUTest/TestOutput.cpp src/CppUTest/TestPlugin.cpp src/CppUTest/TestRegistry.cpp src/CppUTest/TestResult.cpp src/CppUTest/TestTestingFixture.cpp src/CppUTest/Utest.cpp src/CppUTestExt/CMakeLists.txt src/CppUTestExt/CodeMemoryReportFormatter.cpp src/CppUTestExt/IEEE754ExceptionsPlugin.cpp src/CppUTestExt/MemoryReportAllocator.cpp src/CppUTestExt/MemoryReportFormatter.cpp src/CppUTestExt/MemoryReporterPlugin.cpp src/CppUTestExt/MockActualCall.cpp src/CppUTestExt/MockExpectedCall.cpp src/CppUTestExt/MockExpectedCallsList.cpp src/CppUTestExt/MockFailure.cpp src/CppUTestExt/MockNamedValue.cpp src/CppUTestExt/MockSupport.cpp src/CppUTestExt/MockSupportPlugin.cpp src/CppUTestExt/MockSupport_c.cpp src/CppUTestExt/OrderedTest.cpp src/Platforms/C2000/UtestPlatform.cpp src/Platforms/Dos/UtestPlatform.cpp src/Platforms/Gcc/UtestPlatform.cpp src/Platforms/GccNoStdC/UtestPlatform.cpp src/Platforms/Iar/UtestPlatform.cpp src/Platforms/Keil/UtestPlatform.cpp src/Platforms/Symbian/README_Symbian.txt src/Platforms/Symbian/SymbianMemoryLeakWarning.cpp src/Platforms/Symbian/UtestPlatform.cpp src/Platforms/VisualCpp/UtestPlatform.cpp src/Platforms/armcc/UtestPlatform.cpp tests/AllTests.dep tests/AllTests.dsp tests/AllTests.mak tests/AllTests.vcproj tests/AllTests.vcxproj tests/CppUTest/AllTests.cpp tests/CppUTest/AllTests.h tests/CppUTest/AllocLetTestFree.c tests/CppUTest/AllocLetTestFree.h tests/CppUTest/AllocLetTestFreeTest.cpp tests/CppUTest/AllocationInCFile.c tests/CppUTest/AllocationInCFile.h tests/CppUTest/AllocationInCppFile.cpp tests/CppUTest/AllocationInCppFile.h tests/CppUTest/CMakeLists.txt tests/CppUTest/CheatSheetTest.cpp tests/CppUTest/CommandLineArgumentsTest.cpp tests/CppUTest/CommandLineTestRunnerTest.cpp tests/CppUTest/JUnitOutputTest.cpp tests/CppUTest/MemoryLeakDetectorTest.cpp tests/CppUTest/MemoryLeakWarningTest.cpp tests/CppUTest/MemoryOperatorOverloadTest.cpp tests/CppUTest/PluginTest.cpp tests/CppUTest/PreprocessorTest.cpp tests/CppUTest/SetPluginTest.cpp tests/CppUTest/ShuffleTest.cpp tests/CppUTest/SimpleMutexTest.cpp tests/CppUTest/SimpleStringTest.cpp tests/CppUTest/TeamCityOutputTest.cpp tests/CppUTest/TestFailureNaNTest.cpp tests/CppUTest/TestFailureTest.cpp tests/CppUTest/TestFilterTest.cpp tests/CppUTest/TestHarness_cTest.cpp tests/CppUTest/TestHarness_cTestCFile.c tests/CppUTest/TestInstallerTest.cpp tests/CppUTest/TestMemoryAllocatorTest.cpp tests/CppUTest/TestOutputTest.cpp tests/CppUTest/TestRegistryTest.cpp tests/CppUTest/TestResultTest.cpp tests/CppUTest/TestUTestMacro.cpp tests/CppUTest/TestUTestStringMacro.cpp tests/CppUTest/UtestPlatformTest.cpp tests/CppUTest/UtestTest.cpp tests/CppUTestExt/AllTests.cpp tests/CppUTestExt/CMakeLists.txt tests/CppUTestExt/CodeMemoryReporterTest.cpp tests/CppUTestExt/ExpectedFunctionsListTest.cpp tests/CppUTestExt/GMockTest.cpp tests/CppUTestExt/GTest1Test.cpp tests/CppUTestExt/GTest2ConvertorTest.cpp tests/CppUTestExt/IEEE754PluginTest.cpp tests/CppUTestExt/IEEE754PluginTest_c.c tests/CppUTestExt/IEEE754PluginTest_c.h tests/CppUTestExt/MemoryReportAllocatorTest.cpp tests/CppUTestExt/MemoryReportFormatterTest.cpp tests/CppUTestExt/MemoryReporterPluginTest.cpp tests/CppUTestExt/MockActualCallTest.cpp tests/CppUTestExt/MockCallTest.cpp tests/CppUTestExt/MockCheatSheetTest.cpp tests/CppUTestExt/MockComparatorCopierTest.cpp tests/CppUTestExt/MockExpectedCallTest.cpp tests/CppUTestExt/MockFailureReporterForTest.cpp tests/CppUTestExt/MockFailureReporterForTest.h tests/CppUTestExt/MockFailureTest.cpp tests/CppUTestExt/MockFakeLongLong.cpp tests/CppUTestExt/MockHierarchyTest.cpp tests/CppUTestExt/MockNamedValueTest.cpp tests/CppUTestExt/MockParameterTest.cpp tests/CppUTestExt/MockPluginTest.cpp tests/CppUTestExt/MockReturnValueTest.cpp tests/CppUTestExt/MockStrictOrderTest.cpp tests/CppUTestExt/MockSupportTest.cpp tests/CppUTestExt/MockSupport_cTest.cpp tests/CppUTestExt/MockSupport_cTestCFile.c tests/CppUTestExt/MockSupport_cTestCFile.h tests/CppUTestExt/OrderedTestTest.cpp tests/CppUTestExt/OrderedTestTest.h tests/CppUTestExt/OrderedTestTest_c.c tests/RunAllTests.sh valgrind.suppressions '
AMDEPBACKSLASH='\'
AMDEP_FALSE='#'
AMDEP_TRUE=''
AMTAR='$${TAR-tar}'
AM_BACKSLASH='\'
AM_DEFAULT_V='$(AM_DEFAULT_VERBOSITY)'
AM_DEFAULT_VERBOSITY='1'
AM_V='$(V)'
AR='ar'
AUTOCONF='${SHELL} /home/domantas/Documents/projects/cpputest/missing autoconf'
AUTOHEADER='${SHELL} /home/domantas/Documents/projects/cpputest/missing autoheader'
AUTOMAKE='${SHELL} /home/domantas/Documents/projects/cpputest/missing automake-1.15'
AWK='mawk'
CC='gcc'
CCDEPMODE='depmode=gcc3'
CFLAGS='-g -O2'
CPP='gcc -E'
CPPFLAGS=''
CPPUTEST_ADDITIONAL_CFLAGS=''
CPPUTEST_ADDITIONAL_CPPFLAGS=''
CPPUTEST_ADDITIONAL_CXXFLAGS=''
CPPUTEST_CFLAGS='  -Wno-c++11-long-long -Wno-long-long -Wall -Wextra -Wshadow -Wswitch-default -Wswitch-enum -Wconversion -pedantic -Wsign-conversion -Wno-disabled-macro-expansion -Wno-padded -Wno-reserved-id-macro -Wno-keyword-macro '
CPPUTEST_CPPFLAGS=' -include ./include/CppUTest/MemoryLeakDetectorMallocMacros.h -I ./include '
CPPUTEST_CXXFLAGS=' -include ./include/CppUTest/MemoryLeakDetectorNewMacros.h  -Wno-c++14-compat -Wno-c++11-long-long -Wno-long-long -Wall -Wextra -Wshadow -Wswitch-default -Wswitch-enum -Wconversion -pedantic -Wsign-conversion -Woverloaded-virtual -Wno-disabled-macro-expansion -Wno-padded -Wno-reserved-id-macro -Wno-keyword-macro -Wno-global-constructors -Wno-exit-time-destructors -Wno-weak-vtables -Wno-old-style-cast '
CPPUTEST_HAS_CLANG='no'
CPPUTEST_HAS_DASH='yes'
CPPUTEST_HAS_GCC='yes'
CPPUTEST_HAS_LCOV='no'
CPPUTEST_HAS_VALGRIND='no'
CPPUTEST_LDADD=''
CPPUTEST_LDFLAGS=''
CPPUTEST_ON_MACOSX=''
CPP_PLATFORM='Gcc'
CXX='g++'
CXXCPP='g++ -E'
CXXDEPMODE='depmode=gcc3'
CXXFLAGS='-g -O2'
CYGPATH_W='echo'
DEFS='-DHAVE_CONFIG_H'
DEPDIR='.deps'
DLLTOOL='false'
DSYMUTIL=''
DUMPBIN=''
ECHO_C=''
ECHO_N='-n'
ECHO_T=''
EGREP='/bin/grep -E'
EXEEXT=''
FGREP='/bin/grep -F'
GMOCK_HOME=''
GREP='/bin/grep'
INCLUDE_CPPUTEST_EXT=''
INCLUDE_CPPUTEST_EXT_FALSE='#'
INCLUDE_CPPUTEST_EXT_TRUE=''
INCLUDE_GMOCKTESTS_FALSE=''
INCLUDE_GMOCKTESTS_TRUE='#'
INSTALL_DATA='${INSTALL} -m 644'
INSTALL_PROGRAM='${INSTALL}'
INSTALL_SCRIPT='${INSTALL}'
INSTALL_STRIP_PROGRAM='$(install_sh) -c -s'
LD='/usr/bin/ld -m elf_x86_64'
LDFLAGS=''
LIBOBJS=''
LIBS='   -lpthread'
LIBTOOL='$(SHELL) $(top_builddir)/libtool'
LIPO=''
LN_S='ln -s'
LTLIBOBJS=''
LT_SYS_LIBRARY_PATH=''
MAKEINFO='${SHELL} /home/domantas/Documents/projects/cpputest/missing makeinfo'
MANIFEST_TOOL=':'
MKDIR_P='/bin/mkdir -p'
MOSTLYCLEANFILES=''
NM='/usr/bin/nm -B'
NMEDIT=''
OBJDUMP='objdump'
OBJEXT='o'
OTOOL64=''
OTOOL=''
PACKAGE='cpputest'
PACKAGE_BUGREPORT='https://github.com/cpputest/cpputest'
PACKAGE_NAME='CppUTest'
PACKAGE_STRING='CppUTest 3.8'
PACKAGE_TARNAME='cpputest'
PACKAGE_URL=''
PACKAGE_VERSION='3.8'
PATH_SEPARATOR=':'
PTHREAD_CC='gcc'
PTHREAD_CFLAGS='-pthread'
PTHREAD_LIBS=''
RANLIB='ranlib'
SED='/bin/sed'
SET_MAKE=''
SHELL='/bin/bash'
STRIP='strip'
TEST_COMPILER_IS_CLANG_FALSE=''
TEST_COMPILER_IS_CLANG_TRUE='#'
VERSION='3.8'
ac_ct_AR='ar'
ac_ct_CC='gcc'
ac_ct_CXX='g++'
ac_ct_DUMPBIN=''
acx_pthread_config=''
am__EXEEXT_FALSE=''
am__EXEEXT_TRUE='#'
am__fastdepCC_FALSE='#'
am__fastdepCC_TRUE=''
am__fastdepCXX_FALSE='#'
am__fastdepCXX_TRUE=''
am__include='include'
am__isrc=''
am__leading_dot='.'
am__nodep='_no'
am__quote=''
am__tar='$${TAR-tar} chof - "$$tardir"'
am__untar='$${TAR-tar} xf -'
bindir='${exec_prefix}/bin'
build='x86_64-pc-linux-gnu'
build_alias=''
build_cpu='x86_64'
build_os='linux-gnu'
build_vendor='pc'
datadir='${datarootdir}'
datarootdir='${prefix}/share'
docdir='${datarootdir}/doc/${PACKAGE_TARNAME}'
dvidir='${docdir}'
exec_prefix='${prefix}'
host='x86_64-pc-linux-gnu'
host_alias=''
host_cpu='x86_64'
host_os='linux-gnu'
host_vendor='pc'
htmldir='${docdir}'
includedir='${prefix}/include'
infodir='${datarootdir}/info'
install_sh='${SHELL} /home/domantas/Documents/projects/cpputest/install-sh'
libdir='${exec_prefix}/lib'
libexecdir='${exec_prefix}/libexec'
localedir='${datarootdir}/locale'
localstatedir='${prefix}/var'
mandir='${datarootdir}/man'
mkdir_p='$(MKDIR_P)'
oldincludedir='/usr/include'
pdfdir='${docdir}'
prefix='/usr/local'
program_transform_name='s,x,x,'
psdir='${docdir}'
runstatedir='${localstatedir}/run'
sbindir='${exec_prefix}/sbin'
sharedstatedir='${prefix}/com'
sysconfdir='${prefix}/etc'
target_alias=''

## ----------- ##
## confdefs.h. ##
## ----------- ##

/* confdefs.h */
#define PACKAGE_NAME "CppUTest"
#define PACKAGE_TARNAME "cpputest"
#define PACKAGE_VERSION "3.8"
#define PACKAGE_STRING "CppUTest 3.8"
#define PACKAGE_BUGREPORT "https://github.com/cpputest/cpputest"
#define PACKAGE_URL ""
#define PACKAGE "cpputest"
#define VERSION "3.8"
#define STDC_HEADERS 1
#define HAVE_SYS_TYPES_H 1
#define HAVE_SYS_STAT_H 1
#define HAVE_STDLIB_H 1
#define HAVE_STRING_H 1
#define HAVE_MEMORY_H 1
#define HAVE_STRINGS_H 1
#define HAVE_INTTYPES_H 1
#define HAVE_STDINT_H 1
#define HAVE_UNISTD_H 1
#define HAVE_DLFCN_H 1
#define LT_OBJDIR ".libs/"
#define HAVE_STDDEF_H 1
#define HAVE_STDINT_H 1
#define HAVE_STDLIB_H 1
#define HAVE_STRING_H 1
#define HAVE_SYS_TIME_H 1
#define HAVE_UNISTD_H 1
#define HAVE_UNSIGNED_LONG_LONG_INT 1
#define HAVE_LONG_LONG_INT 1
#define HAVE_FORK 1
#define HAVE_VFORK 1
#define HAVE_WORKING_VFORK 1
#define HAVE_WORKING_FORK 1
#define HAVE_GETTIMEOFDAY 1
#define HAVE_MEMSET 1
#define HAVE_STRSTR 1
#define HAVE_STRDUP 1

configure: exit 0
